#
# There is insufficient memory for the Java Runtime Environment to continue.
# Native memory allocation (mmap) failed to map 282066944 bytes for Failed to commit area from 0x0000000090d00000 to 0x00000000a1a00000 of length 282066944.
# Possible reasons:
#   The system is out of physical RAM or swap space
#   The process is running with CompressedOops enabled, and the Java Heap may be blocking the growth of the native heap
# Possible solutions:
#   Reduce memory load on the system
#   Increase physical memory or swap space
#   Check if swap backing store is full
#   Decrease Java heap size (-Xmx/-Xms)
#   Decrease number of Java threads
#   Decrease Java thread stack sizes (-Xss)
#   Set larger code cache with -XX:ReservedCodeCacheSize=
#   JVM is running with Unscaled Compressed Oops mode in which the Java heap is
#     placed in the first 4GB address space. The Java Heap base address is the
#     maximum limit for the native heap growth. Please use -XX:HeapBaseMinAddress
#     to set the Java Heap base and to place the Java Heap above 4GB virtual address.
# This output file may be truncated or incomplete.
#
#  Out of Memory Error (./src/hotspot/os/windows/os_windows.cpp:3521), pid=15196, tid=17000
#
# JRE version: OpenJDK Runtime Environment (11.0.12+7) (build 11.0.12+7-b1504.28-7817840)
# Java VM: OpenJDK 64-Bit Server VM (11.0.12+7-b1504.28-7817840, mixed mode, tiered, compressed oops, g1 gc, windows-amd64)
# No core dump will be written. Minidumps are not enabled by default on client versions of Windows
#

---------------  S U M M A R Y ------------

Command Line: --add-opens=java.base/java.util=ALL-UNNAMED --add-opens=java.base/java.lang=ALL-UNNAMED --add-opens=java.base/java.lang.invoke=ALL-UNNAMED --add-opens=java.base/java.util=ALL-UNNAMED --add-opens=java.prefs/java.util.prefs=ALL-UNNAMED --add-opens=java.prefs/java.util.prefs=ALL-UNNAMED --add-opens=java.base/java.nio.charset=ALL-UNNAMED --add-opens=java.base/java.net=ALL-UNNAMED --add-opens=java.base/java.util.concurrent.atomic=ALL-UNNAMED -Xmx2048m -Dfile.encoding=UTF-8 -Duser.country=US -Duser.language=en -Duser.variant org.gradle.launcher.daemon.bootstrap.GradleDaemon 7.3.3

Host: Intel(R) Core(TM) i5-8265U CPU @ 1.60GHz, 8 cores, 7G,  Windows 10 , 64 bit Build 19041 (10.0.19041.1706)
Time: Fri May 27 23:26:59 2022 Turkey Standard Time elapsed time: 818.110018 seconds (0d 0h 13m 38s)

---------------  T H R E A D  ---------------

Current thread (0x000001fb556d2000):  VMThread "VM Thread" [stack: 0x0000001c88100000,0x0000001c88200000] [id=17000]

Stack: [0x0000001c88100000,0x0000001c88200000]
[error occurred during error reporting (printing stack bounds), id 0xc0000005, EXCEPTION_ACCESS_VIOLATION (0xc0000005) at pc=0x000001fb3e57112d]

Native frames: (J=compiled Java code, j=interpreted, Vv=VM code, C=native code)
V  [jvm.dll+0x5fbcea]
V  [jvm.dll+0x731905]
V  [jvm.dll+0x732f1d]
V  [jvm.dll+0x733535]
V  [jvm.dll+0x7334eb]
V  [jvm.dll+0x5fb080]
V  [jvm.dll+0x5fb818]
C  [ntdll.dll+0xa209f]
C  [ntdll.dll+0x51454]
C  [ntdll.dll+0xa0bce]
C  0x000001fb3e57112d

VM_Operation (0x0000001c8c4f8e40): G1CollectForAllocation, mode: safepoint, requested by thread 0x000001fb5c01e000


---------------  P R O C E S S  ---------------

Threads class SMR info:
_java_thread_list=0x000001fb5d961b50, length=136, elements={
0x000001fb392ab800, 0x000001fb556e7800, 0x000001fb556dd800, 0x000001fb556ed800,
0x000001fb556ee800, 0x000001fb556f1000, 0x000001fb55f44800, 0x000001fb55f4d800,
0x000001fb55f59000, 0x000001fb560b2000, 0x000001fb5844a800, 0x000001fb58628800,
0x000001fb57b4e000, 0x000001fb55f48800, 0x000001fb55f4c000, 0x000001fb55f4b000,
0x000001fb55f49800, 0x000001fb596d7000, 0x000001fb596dd000, 0x000001fb596de800,
0x000001fb596d9000, 0x000001fb596e2800, 0x000001fb596e2000, 0x000001fb566a9800,
0x000001fb566a8800, 0x000001fb566aa000, 0x000001fb566ab000, 0x000001fb566ac000,
0x000001fb566a6000, 0x000001fb5933a800, 0x000001fb5c01f000, 0x000001fb5933e000,
0x000001fb59338000, 0x000001fb5933b800, 0x000001fb5933d000, 0x000001fb5933e800,
0x000001fb5933c000, 0x000001fb59339000, 0x000001fb5933f800, 0x000001fb59344800,
0x000001fb59345000, 0x000001fb59346000, 0x000001fb59340800, 0x000001fb59347000,
0x000001fb59341000, 0x000001fb59342800, 0x000001fb59343800, 0x000001fb59342000,
0x000001fb566a7000, 0x000001fb566ad800, 0x000001fb566a7800, 0x000001fb566ae000,
0x000001fb566b4800, 0x000001fb566af000, 0x000001fb566b0000, 0x000001fb566b0800,
0x000001fb566b1800, 0x000001fb566b2800, 0x000001fb566b3000, 0x000001fb596dd800,
0x000001fb596db800, 0x000001fb596e0000, 0x000001fb596e1000, 0x000001fb596dc000,
0x000001fb596e3800, 0x000001fb596e4000, 0x000001fb596e5000, 0x000001fb5c020800,
0x000001fb5c01e000, 0x000001fb5c01d800, 0x000001fb5c01b000, 0x000001fb5c021800,
0x000001fb5c01c800, 0x000001fb5c01b800, 0x000001fb55f4e800, 0x000001fb55f4f000,
0x000001fb55f4a800, 0x000001fb59681800, 0x000001fb59682800, 0x000001fb59683000,
0x000001fb59684000, 0x000001fb59684800, 0x000001fb59685800, 0x000001fb59680800,
0x000001fb59680000, 0x000001fb59686800, 0x000001fb59689800, 0x000001fb5968d000,
0x000001fb59689000, 0x000001fb5968a800, 0x000001fb59687000, 0x000001fb5968d800,
0x000001fb59688000, 0x000001fb5968b000, 0x000001fb5968c000, 0x000001fb5968e800,
0x000001fb56b46800, 0x000001fb56b46000, 0x000001fb56b47800, 0x000001fb56b4a000,
0x000001fb56b4a800, 0x000001fb56b48000, 0x000001fb56b49000, 0x000001fb56b45000,
0x000001fb56b4b800, 0x000001fb56b50800, 0x000001fb56b4c800, 0x000001fb56b4e000,
0x000001fb56b4e800, 0x000001fb56b4f800, 0x000001fb56b51000, 0x000001fb56b52000,
0x000001fb56b53000, 0x000001fb56b4d000, 0x000001fb56b53800, 0x000001fb58773800,
0x000001fb58776000, 0x000001fb58779000, 0x000001fb58776800, 0x000001fb58774000,
0x000001fb58777800, 0x000001fb58775000, 0x000001fb58778800, 0x000001fb5877a000,
0x000001fb5df70800, 0x000001fb5df75800, 0x000001fb5df74800, 0x000001fb5df6f800,
0x000001fb5df76800, 0x000001fb5df77000, 0x000001fb5df73000, 0x000001fb5df74000,
0x000001fb5df71800, 0x000001fb5df78000, 0x000001fb5df72000, 0x000001fb5df78800
}

Java Threads: ( => current thread )
  0x000001fb392ab800 JavaThread "main" [_thread_blocked, id=8988, stack(0x0000001c87b00000,0x0000001c87c00000)]
  0x000001fb556e7800 JavaThread "Reference Handler" daemon [_thread_blocked, id=16692, stack(0x0000001c88200000,0x0000001c88300000)]
  0x000001fb556dd800 JavaThread "Finalizer" daemon [_thread_blocked, id=2176, stack(0x0000001c88300000,0x0000001c88400000)]
  0x000001fb556ed800 JavaThread "Signal Dispatcher" daemon [_thread_blocked, id=14736, stack(0x0000001c88400000,0x0000001c88500000)]
  0x000001fb556ee800 JavaThread "Attach Listener" daemon [_thread_blocked, id=8892, stack(0x0000001c88500000,0x0000001c88600000)]
  0x000001fb556f1000 JavaThread "Service Thread" daemon [_thread_blocked, id=17928, stack(0x0000001c88600000,0x0000001c88700000)]
  0x000001fb55f44800 JavaThread "C2 CompilerThread0" daemon [_thread_blocked, id=9900, stack(0x0000001c88700000,0x0000001c88800000)]
  0x000001fb55f4d800 JavaThread "C1 CompilerThread0" daemon [_thread_blocked, id=8300, stack(0x0000001c88800000,0x0000001c88900000)]
  0x000001fb55f59000 JavaThread "Sweeper thread" daemon [_thread_blocked, id=18280, stack(0x0000001c88900000,0x0000001c88a00000)]
  0x000001fb560b2000 JavaThread "Common-Cleaner" daemon [_thread_blocked, id=2324, stack(0x0000001c88a00000,0x0000001c88b00000)]
  0x000001fb5844a800 JavaThread "Daemon health stats" [_thread_blocked, id=2808, stack(0x0000001c89000000,0x0000001c89100000)]
  0x000001fb58628800 JavaThread "Incoming local TCP Connector on port 1208" [_thread_in_native, id=144, stack(0x0000001c88c00000,0x0000001c88d00000)]
  0x000001fb57b4e000 JavaThread "Daemon periodic checks" [_thread_blocked, id=17944, stack(0x0000001c88d00000,0x0000001c88e00000)]
  0x000001fb55f48800 JavaThread "Cache worker for journal cache (C:\Users\melih\.gradle\caches\journal-1)" [_thread_blocked, id=5896, stack(0x0000001c89d00000,0x0000001c89e00000)]
  0x000001fb55f4c000 JavaThread "File lock request listener" [_thread_in_native, id=15284, stack(0x0000001c89e00000,0x0000001c89f00000)]
  0x000001fb55f4b000 JavaThread "Cache worker for file hash cache (C:\Users\melih\.gradle\caches\7.3.3\fileHashes)" [_thread_blocked, id=1336, stack(0x0000001c89f00000,0x0000001c8a000000)]
  0x000001fb55f49800 JavaThread "File watcher server" daemon [_thread_blocked, id=14872, stack(0x0000001c8a300000,0x0000001c8a400000)]
  0x000001fb596d7000 JavaThread "File watcher consumer" daemon [_thread_blocked, id=15648, stack(0x0000001c8a400000,0x0000001c8a500000)]
  0x000001fb596dd000 JavaThread "Cache worker for execution history cache (C:\Users\melih\.gradle\caches\7.3.3\executionHistory)" [_thread_blocked, id=16836, stack(0x0000001c8a800000,0x0000001c8a900000)]
  0x000001fb596de800 JavaThread "jar transforms" [_thread_blocked, id=9352, stack(0x0000001c8a900000,0x0000001c8aa00000)]
  0x000001fb596d9000 JavaThread "Cache worker for file content cache (C:\Users\melih\.gradle\caches\7.3.3\fileContent)" [_thread_blocked, id=15824, stack(0x0000001c8aa00000,0x0000001c8ab00000)]
  0x000001fb596e2800 JavaThread "jar transforms Thread 2" [_thread_blocked, id=13332, stack(0x0000001c8ab00000,0x0000001c8ac00000)]
  0x000001fb596e2000 JavaThread "jar transforms Thread 3" [_thread_blocked, id=17508, stack(0x0000001c8ad00000,0x0000001c8ae00000)]
  0x000001fb566a9800 JavaThread "jar transforms Thread 4" [_thread_blocked, id=8732, stack(0x0000001c8ff00000,0x0000001c90000000)]
  0x000001fb566a8800 JavaThread "jar transforms Thread 5" [_thread_blocked, id=13452, stack(0x0000001c90000000,0x0000001c90100000)]
  0x000001fb566aa000 JavaThread "jar transforms Thread 6" [_thread_blocked, id=17124, stack(0x0000001c90100000,0x0000001c90200000)]
  0x000001fb566ab000 JavaThread "jar transforms Thread 7" [_thread_blocked, id=2828, stack(0x0000001c90200000,0x0000001c90300000)]
  0x000001fb566ac000 JavaThread "jar transforms Thread 8" [_thread_blocked, id=11468, stack(0x0000001c90300000,0x0000001c90400000)]
  0x000001fb566a6000 JavaThread "Memory manager" [_thread_blocked, id=10748, stack(0x0000001c90400000,0x0000001c90500000)]
  0x000001fb5933a800 JavaThread "Cache worker for Java compile cache (C:\Users\melih\.gradle\caches\7.3.3\javaCompile)" [_thread_blocked, id=18152, stack(0x0000001c8a100000,0x0000001c8a200000)]
  0x000001fb5c01f000 JavaThread "ForkJoinPool.commonPool-worker-7" daemon [_thread_blocked, id=17864, stack(0x0000001c92400000,0x0000001c92500000)]
  0x000001fb5933e000 JavaThread "Daemon Thread 2" [_thread_blocked, id=1516, stack(0x0000001c87800000,0x0000001c87900000)]
  0x000001fb59338000 JavaThread "Handler for socket connection from /127.0.0.1:1208 to /127.0.0.1:1681" [_thread_in_native, id=15768, stack(0x0000001c87900000,0x0000001c87a00000)]
  0x000001fb5933b800 JavaThread "Cancel handler" [_thread_blocked, id=4816, stack(0x0000001c87a00000,0x0000001c87b00000)]
  0x000001fb5933d000 JavaThread "Daemon worker Thread 2" [_thread_blocked, id=16256, stack(0x0000001c89100000,0x0000001c89200000)]
  0x000001fb5933e800 JavaThread "Asynchronous log dispatcher for DefaultDaemonConnection: socket connection from /127.0.0.1:1208 to /127.0.0.1:1681" [_thread_blocked, id=18104, stack(0x0000001c89200000,0x0000001c89300000)]
  0x000001fb5933c000 JavaThread "Stdin handler" [_thread_blocked, id=11828, stack(0x0000001c89300000,0x0000001c89400000)]
  0x000001fb59339000 JavaThread "Daemon client event forwarder" [_thread_blocked, id=16348, stack(0x0000001c89400000,0x0000001c89500000)]
  0x000001fb5933f800 JavaThread "Cache worker for file hash cache (C:\Users\melih\AndroidStudioProjects\ZortScanner\.gradle\7.3.3\fileHashes)" [_thread_blocked, id=1296, stack(0x0000001c89500000,0x0000001c89600000)]
  0x000001fb59344800 JavaThread "Cache worker for checksums cache (C:\Users\melih\AndroidStudioProjects\ZortScanner\.gradle\7.3.3\checksums)" [_thread_blocked, id=15732, stack(0x0000001c89600000,0x0000001c89700000)]
  0x000001fb59345000 JavaThread "Cache worker for cache directory md-supplier (C:\Users\melih\.gradle\caches\7.3.3\md-supplier)" [_thread_blocked, id=6352, stack(0x0000001c89700000,0x0000001c89800000)]
  0x000001fb59346000 JavaThread "Cache worker for cache directory md-rule (C:\Users\melih\.gradle\caches\7.3.3\md-rule)" [_thread_blocked, id=2032, stack(0x0000001c8a200000,0x0000001c8a300000)]
  0x000001fb59340800 JavaThread "Cache worker for dependencies-accessors (C:\Users\melih\AndroidStudioProjects\ZortScanner\.gradle\7.3.3\dependencies-accessors)" [_thread_blocked, id=5180, stack(0x0000001c8a500000,0x0000001c8a600000)]
  0x000001fb59347000 JavaThread "C2 CompilerThread1" daemon [_thread_in_native, id=17840, stack(0x0000001c8a600000,0x0000001c8a700000)]
  0x000001fb59341000 JavaThread "Cache worker for Build Output Cleanup Cache (C:\Users\melih\AndroidStudioProjects\ZortScanner\.gradle\buildOutputCleanup)" [_thread_blocked, id=13716, stack(0x0000001c8a700000,0x0000001c8a800000)]
  0x000001fb59342800 JavaThread "Unconstrained build operations" [_thread_blocked, id=10148, stack(0x0000001c8ac00000,0x0000001c8ad00000)]
  0x000001fb59343800 JavaThread "Unconstrained build operations Thread 2" [_thread_blocked, id=17880, stack(0x0000001c8ae00000,0x0000001c8af00000)]
  0x000001fb59342000 JavaThread "Unconstrained build operations Thread 3" [_thread_blocked, id=4308, stack(0x0000001c8af00000,0x0000001c8b000000)]
  0x000001fb566a7000 JavaThread "Unconstrained build operations Thread 4" [_thread_blocked, id=15092, stack(0x0000001c8b000000,0x0000001c8b100000)]
  0x000001fb566ad800 JavaThread "Unconstrained build operations Thread 5" [_thread_blocked, id=14452, stack(0x0000001c8b100000,0x0000001c8b200000)]
  0x000001fb566a7800 JavaThread "Unconstrained build operations Thread 6" [_thread_blocked, id=1744, stack(0x0000001c8b200000,0x0000001c8b300000)]
  0x000001fb566ae000 JavaThread "Unconstrained build operations Thread 7" [_thread_blocked, id=13268, stack(0x0000001c8b300000,0x0000001c8b400000)]
  0x000001fb566b4800 JavaThread "Unconstrained build operations Thread 8" [_thread_blocked, id=1972, stack(0x0000001c8b400000,0x0000001c8b500000)]
  0x000001fb566af000 JavaThread "Unconstrained build operations Thread 9" [_thread_blocked, id=2252, stack(0x0000001c8b500000,0x0000001c8b600000)]
  0x000001fb566b0000 JavaThread "Unconstrained build operations Thread 10" [_thread_blocked, id=6216, stack(0x0000001c8b600000,0x0000001c8b700000)]
  0x000001fb566b0800 JavaThread "Unconstrained build operations Thread 11" [_thread_blocked, id=17552, stack(0x0000001c8b700000,0x0000001c8b800000)]
  0x000001fb566b1800 JavaThread "Unconstrained build operations Thread 12" [_thread_blocked, id=1824, stack(0x0000001c8b800000,0x0000001c8b900000)]
  0x000001fb566b2800 JavaThread "Unconstrained build operations Thread 13" [_thread_blocked, id=13680, stack(0x0000001c8b900000,0x0000001c8ba00000)]
  0x000001fb566b3000 JavaThread "Unconstrained build operations Thread 14" [_thread_blocked, id=11224, stack(0x0000001c8ba00000,0x0000001c8bb00000)]
  0x000001fb596dd800 JavaThread "Unconstrained build operations Thread 15" [_thread_blocked, id=5924, stack(0x0000001c8bb00000,0x0000001c8bc00000)]
  0x000001fb596db800 JavaThread "Unconstrained build operations Thread 16" [_thread_blocked, id=12368, stack(0x0000001c8bc00000,0x0000001c8bd00000)]
  0x000001fb596e0000 JavaThread "Unconstrained build operations Thread 17" [_thread_blocked, id=5916, stack(0x0000001c8bd00000,0x0000001c8be00000)]
  0x000001fb596e1000 JavaThread "Unconstrained build operations Thread 18" [_thread_blocked, id=17888, stack(0x0000001c8be00000,0x0000001c8bf00000)]
  0x000001fb596dc000 JavaThread "Unconstrained build operations Thread 19" [_thread_blocked, id=4992, stack(0x0000001c8bf00000,0x0000001c8c000000)]
  0x000001fb596e3800 JavaThread "Unconstrained build operations Thread 20" [_thread_blocked, id=14912, stack(0x0000001c8c000000,0x0000001c8c100000)]
  0x000001fb596e4000 JavaThread "Unconstrained build operations Thread 21" [_thread_blocked, id=13064, stack(0x0000001c8c100000,0x0000001c8c200000)]
  0x000001fb596e5000 JavaThread "Unconstrained build operations Thread 22" [_thread_blocked, id=6588, stack(0x0000001c8c200000,0x0000001c8c300000)]
  0x000001fb5c020800 JavaThread "Unconstrained build operations Thread 23" [_thread_blocked, id=4616, stack(0x0000001c8c300000,0x0000001c8c400000)]
  0x000001fb5c01e000 JavaThread "Unconstrained build operations Thread 24" [_thread_blocked, id=3216, stack(0x0000001c8c400000,0x0000001c8c500000)]
  0x000001fb5c01d800 JavaThread "Unconstrained build operations Thread 25" [_thread_blocked, id=1812, stack(0x0000001c8c500000,0x0000001c8c600000)]
  0x000001fb5c01b000 JavaThread "Unconstrained build operations Thread 26" [_thread_blocked, id=6876, stack(0x0000001c8c600000,0x0000001c8c700000)]
  0x000001fb5c021800 JavaThread "Unconstrained build operations Thread 27" [_thread_blocked, id=18136, stack(0x0000001c8c700000,0x0000001c8c800000)]
  0x000001fb5c01c800 JavaThread "Unconstrained build operations Thread 28" [_thread_blocked, id=15988, stack(0x0000001c8c800000,0x0000001c8c900000)]
  0x000001fb5c01b800 JavaThread "Unconstrained build operations Thread 29" [_thread_blocked, id=12184, stack(0x0000001c8c900000,0x0000001c8ca00000)]
  0x000001fb55f4e800 JavaThread "Unconstrained build operations Thread 30" [_thread_blocked, id=11632, stack(0x0000001c8ca00000,0x0000001c8cb00000)]
  0x000001fb55f4f000 JavaThread "Unconstrained build operations Thread 31" [_thread_blocked, id=10008, stack(0x0000001c8cb00000,0x0000001c8cc00000)]
  0x000001fb55f4a800 JavaThread "Unconstrained build operations Thread 32" [_thread_blocked, id=10936, stack(0x0000001c8cc00000,0x0000001c8cd00000)]
  0x000001fb59681800 JavaThread "Unconstrained build operations Thread 33" [_thread_blocked, id=1936, stack(0x0000001c8cd00000,0x0000001c8ce00000)]
  0x000001fb59682800 JavaThread "Unconstrained build operations Thread 34" [_thread_blocked, id=4812, stack(0x0000001c8ce00000,0x0000001c8cf00000)]
  0x000001fb59683000 JavaThread "Unconstrained build operations Thread 35" [_thread_blocked, id=11072, stack(0x0000001c8cf00000,0x0000001c8d000000)]
  0x000001fb59684000 JavaThread "Unconstrained build operations Thread 36" [_thread_blocked, id=12808, stack(0x0000001c8d000000,0x0000001c8d100000)]
  0x000001fb59684800 JavaThread "Unconstrained build operations Thread 37" [_thread_blocked, id=6692, stack(0x0000001c8d100000,0x0000001c8d200000)]
  0x000001fb59685800 JavaThread "Unconstrained build operations Thread 38" [_thread_blocked, id=15800, stack(0x0000001c8d200000,0x0000001c8d300000)]
  0x000001fb59680800 JavaThread "Unconstrained build operations Thread 39" [_thread_blocked, id=1424, stack(0x0000001c8d300000,0x0000001c8d400000)]
  0x000001fb59680000 JavaThread "Unconstrained build operations Thread 40" [_thread_blocked, id=2172, stack(0x0000001c8d400000,0x0000001c8d500000)]
  0x000001fb59686800 JavaThread "Unconstrained build operations Thread 41" [_thread_blocked, id=1624, stack(0x0000001c8d500000,0x0000001c8d600000)]
  0x000001fb59689800 JavaThread "Unconstrained build operations Thread 42" [_thread_blocked, id=1572, stack(0x0000001c8d600000,0x0000001c8d700000)]
  0x000001fb5968d000 JavaThread "Unconstrained build operations Thread 43" [_thread_blocked, id=17720, stack(0x0000001c8d700000,0x0000001c8d800000)]
  0x000001fb59689000 JavaThread "Unconstrained build operations Thread 44" [_thread_blocked, id=10500, stack(0x0000001c8d800000,0x0000001c8d900000)]
  0x000001fb5968a800 JavaThread "Unconstrained build operations Thread 45" [_thread_blocked, id=16824, stack(0x0000001c8d900000,0x0000001c8da00000)]
  0x000001fb59687000 JavaThread "Unconstrained build operations Thread 46" [_thread_blocked, id=1196, stack(0x0000001c8da00000,0x0000001c8db00000)]
  0x000001fb5968d800 JavaThread "Unconstrained build operations Thread 47" [_thread_blocked, id=17024, stack(0x0000001c8db00000,0x0000001c8dc00000)]
  0x000001fb59688000 JavaThread "Unconstrained build operations Thread 48" [_thread_blocked, id=4204, stack(0x0000001c8dc00000,0x0000001c8dd00000)]
  0x000001fb5968b000 JavaThread "Unconstrained build operations Thread 49" [_thread_blocked, id=10984, stack(0x0000001c8dd00000,0x0000001c8de00000)]
  0x000001fb5968c000 JavaThread "Unconstrained build operations Thread 50" [_thread_blocked, id=12700, stack(0x0000001c8de00000,0x0000001c8df00000)]
  0x000001fb5968e800 JavaThread "Unconstrained build operations Thread 51" [_thread_blocked, id=4400, stack(0x0000001c8df00000,0x0000001c8e000000)]
  0x000001fb56b46800 JavaThread "Unconstrained build operations Thread 52" [_thread_blocked, id=15264, stack(0x0000001c8e000000,0x0000001c8e100000)]
  0x000001fb56b46000 JavaThread "Unconstrained build operations Thread 53" [_thread_blocked, id=14288, stack(0x0000001c8e100000,0x0000001c8e200000)]
  0x000001fb56b47800 JavaThread "Unconstrained build operations Thread 54" [_thread_blocked, id=15692, stack(0x0000001c8e200000,0x0000001c8e300000)]
  0x000001fb56b4a000 JavaThread "Unconstrained build operations Thread 55" [_thread_blocked, id=12720, stack(0x0000001c8e300000,0x0000001c8e400000)]
  0x000001fb56b4a800 JavaThread "Unconstrained build operations Thread 56" [_thread_blocked, id=2088, stack(0x0000001c8e400000,0x0000001c8e500000)]
  0x000001fb56b48000 JavaThread "Unconstrained build operations Thread 57" [_thread_blocked, id=632, stack(0x0000001c8e500000,0x0000001c8e600000)]
  0x000001fb56b49000 JavaThread "Unconstrained build operations Thread 58" [_thread_blocked, id=2000, stack(0x0000001c8e600000,0x0000001c8e700000)]
  0x000001fb56b45000 JavaThread "Unconstrained build operations Thread 59" [_thread_blocked, id=7924, stack(0x0000001c8e700000,0x0000001c8e800000)]
  0x000001fb56b4b800 JavaThread "Unconstrained build operations Thread 60" [_thread_blocked, id=13580, stack(0x0000001c8e800000,0x0000001c8e900000)]
  0x000001fb56b50800 JavaThread "Unconstrained build operations Thread 61" [_thread_blocked, id=1408, stack(0x0000001c8e900000,0x0000001c8ea00000)]
  0x000001fb56b4c800 JavaThread "Unconstrained build operations Thread 62" [_thread_blocked, id=18380, stack(0x0000001c8ea00000,0x0000001c8eb00000)]
  0x000001fb56b4e000 JavaThread "Unconstrained build operations Thread 63" [_thread_blocked, id=9676, stack(0x0000001c8eb00000,0x0000001c8ec00000)]
  0x000001fb56b4e800 JavaThread "Unconstrained build operations Thread 64" [_thread_blocked, id=16376, stack(0x0000001c8ec00000,0x0000001c8ed00000)]
  0x000001fb56b4f800 JavaThread "Unconstrained build operations Thread 65" [_thread_blocked, id=2780, stack(0x0000001c8ed00000,0x0000001c8ee00000)]
  0x000001fb56b51000 JavaThread "Unconstrained build operations Thread 66" [_thread_blocked, id=17280, stack(0x0000001c8ee00000,0x0000001c8ef00000)]
  0x000001fb56b52000 JavaThread "Unconstrained build operations Thread 67" [_thread_blocked, id=11584, stack(0x0000001c8ef00000,0x0000001c8f000000)]
  0x000001fb56b53000 JavaThread "Unconstrained build operations Thread 68" [_thread_blocked, id=10656, stack(0x0000001c8f000000,0x0000001c8f100000)]
  0x000001fb56b4d000 JavaThread "Unconstrained build operations Thread 69" [_thread_blocked, id=9640, stack(0x0000001c8f100000,0x0000001c8f200000)]
  0x000001fb56b53800 JavaThread "Unconstrained build operations Thread 70" [_thread_blocked, id=18064, stack(0x0000001c8f200000,0x0000001c8f300000)]
  0x000001fb58773800 JavaThread "Unconstrained build operations Thread 71" [_thread_blocked, id=16500, stack(0x0000001c8f300000,0x0000001c8f400000)]
  0x000001fb58776000 JavaThread "Unconstrained build operations Thread 72" [_thread_blocked, id=14476, stack(0x0000001c8f400000,0x0000001c8f500000)]
  0x000001fb58779000 JavaThread "Unconstrained build operations Thread 73" [_thread_blocked, id=16288, stack(0x0000001c8f500000,0x0000001c8f600000)]
  0x000001fb58776800 JavaThread "Unconstrained build operations Thread 74" [_thread_blocked, id=1672, stack(0x0000001c8f600000,0x0000001c8f700000)]
  0x000001fb58774000 JavaThread "Unconstrained build operations Thread 75" [_thread_blocked, id=16212, stack(0x0000001c8f700000,0x0000001c8f800000)]
  0x000001fb58777800 JavaThread "Unconstrained build operations Thread 76" [_thread_blocked, id=13816, stack(0x0000001c8f800000,0x0000001c8f900000)]
  0x000001fb58775000 JavaThread "Unconstrained build operations Thread 77" [_thread_blocked, id=18304, stack(0x0000001c8f900000,0x0000001c8fa00000)]
  0x000001fb58778800 JavaThread "Unconstrained build operations Thread 78" [_thread_blocked, id=12824, stack(0x0000001c8fa00000,0x0000001c8fb00000)]
  0x000001fb5877a000 JavaThread "Unconstrained build operations Thread 79" [_thread_blocked, id=1460, stack(0x0000001c8fb00000,0x0000001c8fc00000)]
  0x000001fb5df70800 JavaThread "Unconstrained build operations Thread 80" [_thread_blocked, id=2540, stack(0x0000001c8fc00000,0x0000001c8fd00000)]
  0x000001fb5df75800 JavaThread "build event listener" [_thread_blocked, id=17688, stack(0x0000001c8fd00000,0x0000001c8fe00000)]
  0x000001fb5df74800 JavaThread "Execution worker for ':'" [_thread_blocked, id=8720, stack(0x0000001c8fe00000,0x0000001c8ff00000)]
  0x000001fb5df6f800 JavaThread "Execution worker for ':' Thread 2" [_thread_blocked, id=1020, stack(0x0000001c90500000,0x0000001c90600000)]
  0x000001fb5df76800 JavaThread "Execution worker for ':' Thread 3" [_thread_blocked, id=17112, stack(0x0000001c90600000,0x0000001c90700000)]
  0x000001fb5df77000 JavaThread "Execution worker for ':' Thread 4" [_thread_blocked, id=12984, stack(0x0000001c90700000,0x0000001c90800000)]
  0x000001fb5df73000 JavaThread "Execution worker for ':' Thread 5" [_thread_blocked, id=10424, stack(0x0000001c90800000,0x0000001c90900000)]
  0x000001fb5df74000 JavaThread "Execution worker for ':' Thread 6" [_thread_blocked, id=18344, stack(0x0000001c90900000,0x0000001c90a00000)]
  0x000001fb5df71800 JavaThread "Execution worker for ':' Thread 7" [_thread_blocked, id=16372, stack(0x0000001c90a00000,0x0000001c90b00000)]
  0x000001fb5df78000 JavaThread "Cache worker for execution history cache (C:\Users\melih\AndroidStudioProjects\ZortScanner\.gradle\7.3.3\executionHistory)" [_thread_blocked, id=2492, stack(0x0000001c90b00000,0x0000001c90c00000)]
  0x000001fb5df72000 JavaThread "WorkerExecutor Queue" [_thread_blocked, id=15972, stack(0x0000001c90c00000,0x0000001c90d00000)]
  0x000001fb5df78800 JavaThread "C2 CompilerThread2" daemon [_thread_in_native, id=4124, stack(0x0000001c90d00000,0x0000001c90e00000)]

Other Threads:
=>0x000001fb556d2000 VMThread "VM Thread" [stack: 0x0000001c88100000,0x0000001c88200000] [id=17000]
  0x000001fb56118800 WatcherThread [stack: 0x0000001c88b00000,0x0000001c88c00000] [id=12476]
  0x000001fb392c4000 GCTaskThread "GC Thread#0" [stack: 0x0000001c87c00000,0x0000001c87d00000] [id=11340]
  0x000001fb5749a000 GCTaskThread "GC Thread#1" [stack: 0x0000001c88e00000,0x0000001c88f00000] [id=948]
  0x000001fb575f0800 GCTaskThread "GC Thread#2" [stack: 0x0000001c88f00000,0x0000001c89000000] [id=15608]
  0x000001fb5839b000 GCTaskThread "GC Thread#3" [stack: 0x0000001c89800000,0x0000001c89900000] [id=12484]
  0x000001fb58a44800 GCTaskThread "GC Thread#4" [stack: 0x0000001c89900000,0x0000001c89a00000] [id=12684]
  0x000001fb58750800 GCTaskThread "GC Thread#5" [stack: 0x0000001c89a00000,0x0000001c89b00000] [id=12064]
  0x000001fb583b6000 GCTaskThread "GC Thread#6" [stack: 0x0000001c89b00000,0x0000001c89c00000] [id=16668]
  0x000001fb57e43000 GCTaskThread "GC Thread#7" [stack: 0x0000001c89c00000,0x0000001c89d00000] [id=7244]
  0x000001fb392f7000 ConcurrentGCThread "G1 Main Marker" [stack: 0x0000001c87d00000,0x0000001c87e00000] [id=1668]
  0x000001fb392f8800 ConcurrentGCThread "G1 Conc#0" [stack: 0x0000001c87e00000,0x0000001c87f00000] [id=14640]
  0x000001fb58d32800 ConcurrentGCThread "G1 Conc#1" [stack: 0x0000001c8a000000,0x0000001c8a100000] [id=17976]
  0x000001fb55520800 ConcurrentGCThread "G1 Refine#0" [stack: 0x0000001c87f00000,0x0000001c88000000] [id=2888]
  0x000001fb55521800 ConcurrentGCThread "G1 Young RemSet Sampling" [stack: 0x0000001c88000000,0x0000001c88100000] [id=18192]

Threads with active compile tasks:
C2 CompilerThread0 818157 17674       4       com.android.tools.r8.internal.oq::a (911 bytes)
C1 CompilerThread0 818157 17921       2       com.android.tools.r8.ir.regalloc.b::a (716 bytes)
C2 CompilerThread1 818157 17360 %     4       com.android.tools.r8.internal.xa::a @ 80 (6068 bytes)
C2 CompilerThread2 818157 17340       4       com.android.tools.r8.internal.g8::a (1151 bytes)

VM state:at safepoint (normal execution)

VM Mutex/Monitor currently owned by a thread:  ([mutex/lock_event])
[0x000001fb392a72a0] Threads_lock - owner thread: 0x000001fb556d2000
[0x000001fb392a73c0] Heap_lock - owner thread: 0x000001fb5c01e000

Heap address: 0x0000000080000000, size: 2048 MB, Compressed Oops mode: 32-bit
Narrow klass base: 0x0000000000000000, Narrow klass shift: 3
Compressed class space size: 1073741824 Address: 0x0000000100000000

Heap:
 garbage-first heap   total 550912K, used 167461K [0x0000000080000000, 0x0000000100000000)
  region size 1024K, 6 young (6144K), 6 survivors (6144K)
 Metaspace       used 117730K, capacity 121108K, committed 121760K, reserved 1155072K
  class space    used 15129K, capacity 16421K, committed 16716K, reserved 1048576K
Heap Regions: E=young(eden), S=young(survivor), O=old, HS=humongous(starts), HC=humongous(continues), CS=collection set, F=free, A=archive, TAMS=top-at-mark-start (previous, next)
|   0|0x0000000080000000, 0x0000000080100000, 0x0000000080100000|100%| O|  |TAMS 0x0000000080100000, 0x0000000080000000| Untracked 
|   1|0x0000000080100000, 0x0000000080200000, 0x0000000080200000|100%| O|  |TAMS 0x0000000080200000, 0x0000000080100000| Untracked 
|   2|0x0000000080200000, 0x0000000080300000, 0x0000000080300000|100%| O|  |TAMS 0x0000000080300000, 0x0000000080200000| Untracked 
|   3|0x0000000080300000, 0x0000000080400000, 0x0000000080400000|100%|HS|  |TAMS 0x0000000080400000, 0x0000000080300000| Complete 
|   4|0x0000000080400000, 0x0000000080500000, 0x0000000080500000|100%|HC|  |TAMS 0x0000000080500000, 0x0000000080400000| Complete 
|   5|0x0000000080500000, 0x0000000080600000, 0x0000000080600000|100%|HC|  |TAMS 0x0000000080600000, 0x0000000080500000| Complete 
|   6|0x0000000080600000, 0x0000000080700000, 0x0000000080700000|100%| O|  |TAMS 0x0000000080700000, 0x0000000080600000| Untracked 
|   7|0x0000000080700000, 0x0000000080800000, 0x0000000080800000|100%| O|  |TAMS 0x0000000080800000, 0x0000000080700000| Untracked 
|   8|0x0000000080800000, 0x0000000080900000, 0x0000000080900000|100%| O|  |TAMS 0x0000000080900000, 0x0000000080800000| Untracked 
|   9|0x0000000080900000, 0x0000000080a00000, 0x0000000080a00000|100%| O|  |TAMS 0x0000000080a00000, 0x0000000080900000| Untracked 
|  10|0x0000000080a00000, 0x0000000080b00000, 0x0000000080b00000|100%| O|  |TAMS 0x0000000080b00000, 0x0000000080a00000| Untracked 
|  11|0x0000000080b00000, 0x0000000080c00000, 0x0000000080c00000|100%| O|  |TAMS 0x0000000080c00000, 0x0000000080b00000| Untracked 
|  12|0x0000000080c00000, 0x0000000080d00000, 0x0000000080d00000|100%| O|  |TAMS 0x0000000080d00000, 0x0000000080c00000| Untracked 
|  13|0x0000000080d00000, 0x0000000080e00000, 0x0000000080e00000|100%| O|  |TAMS 0x0000000080e00000, 0x0000000080d00000| Untracked 
|  14|0x0000000080e00000, 0x0000000080f00000, 0x0000000080f00000|100%| O|  |TAMS 0x0000000080f00000, 0x0000000080e00000| Untracked 
|  15|0x0000000080f00000, 0x0000000081000000, 0x0000000081000000|100%| O|  |TAMS 0x0000000081000000, 0x0000000080f00000| Untracked 
|  16|0x0000000081000000, 0x0000000081100000, 0x0000000081100000|100%| O|  |TAMS 0x0000000081100000, 0x0000000081000000| Untracked 
|  17|0x0000000081100000, 0x0000000081200000, 0x0000000081200000|100%| O|  |TAMS 0x0000000081200000, 0x0000000081100000| Untracked 
|  18|0x0000000081200000, 0x0000000081300000, 0x0000000081300000|100%| O|  |TAMS 0x0000000081200000, 0x0000000081200000| Untracked 
|  19|0x0000000081300000, 0x0000000081400000, 0x0000000081400000|100%|HS|  |TAMS 0x0000000081400000, 0x0000000081300000| Complete 
|  20|0x0000000081400000, 0x0000000081500000, 0x0000000081500000|100%| O|  |TAMS 0x0000000081500000, 0x0000000081400000| Untracked 
|  21|0x0000000081500000, 0x0000000081600000, 0x0000000081600000|100%| O|  |TAMS 0x0000000081600000, 0x0000000081500000| Untracked 
|  22|0x0000000081600000, 0x0000000081700000, 0x0000000081700000|100%| O|  |TAMS 0x0000000081700000, 0x0000000081600000| Untracked 
|  23|0x0000000081700000, 0x0000000081800000, 0x0000000081800000|100%| O|  |TAMS 0x0000000081800000, 0x0000000081700000| Untracked 
|  24|0x0000000081800000, 0x0000000081900000, 0x0000000081900000|100%|HS|  |TAMS 0x0000000081900000, 0x0000000081800000| Complete 
|  25|0x0000000081900000, 0x0000000081a00000, 0x0000000081a00000|100%|HS|  |TAMS 0x0000000081a00000, 0x0000000081900000| Complete 
|  26|0x0000000081a00000, 0x0000000081b00000, 0x0000000081b00000|100%|HC|  |TAMS 0x0000000081b00000, 0x0000000081a00000| Complete 
|  27|0x0000000081b00000, 0x0000000081c00000, 0x0000000081c00000|100%| O|  |TAMS 0x0000000081c00000, 0x0000000081b00000| Untracked 
|  28|0x0000000081c00000, 0x0000000081d00000, 0x0000000081d00000|100%| O|  |TAMS 0x0000000081d00000, 0x0000000081c00000| Untracked 
|  29|0x0000000081d00000, 0x0000000081e00000, 0x0000000081e00000|100%| O|  |TAMS 0x0000000081e00000, 0x0000000081d00000| Untracked 
|  30|0x0000000081e00000, 0x0000000081f00000, 0x0000000081f00000|100%| O|  |TAMS 0x0000000081f00000, 0x0000000081e00000| Untracked 
|  31|0x0000000081f00000, 0x0000000082000000, 0x0000000082000000|100%| O|  |TAMS 0x0000000082000000, 0x0000000081f00000| Untracked 
|  32|0x0000000082000000, 0x0000000082100000, 0x0000000082100000|100%| O|  |TAMS 0x0000000082100000, 0x0000000082000000| Untracked 
|  33|0x0000000082100000, 0x0000000082200000, 0x0000000082200000|100%| O|  |TAMS 0x0000000082200000, 0x0000000082100000| Untracked 
|  34|0x0000000082200000, 0x0000000082300000, 0x0000000082300000|100%| O|  |TAMS 0x0000000082300000, 0x0000000082200000| Untracked 
|  35|0x0000000082300000, 0x0000000082400000, 0x0000000082400000|100%| O|  |TAMS 0x0000000082400000, 0x0000000082300000| Untracked 
|  36|0x0000000082400000, 0x0000000082500000, 0x0000000082500000|100%| O|  |TAMS 0x0000000082400000, 0x0000000082400000| Untracked 
|  37|0x0000000082500000, 0x0000000082600000, 0x0000000082600000|100%| O|  |TAMS 0x0000000082600000, 0x0000000082500000| Untracked 
|  38|0x0000000082600000, 0x0000000082700000, 0x0000000082700000|100%| O|  |TAMS 0x0000000082700000, 0x0000000082600000| Untracked 
|  39|0x0000000082700000, 0x0000000082800000, 0x0000000082800000|100%| O|  |TAMS 0x0000000082800000, 0x0000000082700000| Untracked 
|  40|0x0000000082800000, 0x0000000082900000, 0x0000000082900000|100%| O|  |TAMS 0x0000000082900000, 0x0000000082800000| Untracked 
|  41|0x0000000082900000, 0x0000000082a00000, 0x0000000082a00000|100%| O|  |TAMS 0x0000000082a00000, 0x0000000082900000| Untracked 
|  42|0x0000000082a00000, 0x0000000082b00000, 0x0000000082b00000|100%| O|  |TAMS 0x0000000082b00000, 0x0000000082a00000| Untracked 
|  43|0x0000000082b00000, 0x0000000082c00000, 0x0000000082c00000|100%| O|  |TAMS 0x0000000082c00000, 0x0000000082b00000| Untracked 
|  44|0x0000000082c00000, 0x0000000082d00000, 0x0000000082d00000|100%| O|  |TAMS 0x0000000082d00000, 0x0000000082c00000| Untracked 
|  45|0x0000000082d00000, 0x0000000082e00000, 0x0000000082e00000|100%| O|  |TAMS 0x0000000082e00000, 0x0000000082d00000| Untracked 
|  46|0x0000000082e00000, 0x0000000082f00000, 0x0000000082f00000|100%| O|  |TAMS 0x0000000082f00000, 0x0000000082e00000| Untracked 
|  47|0x0000000082f00000, 0x0000000083000000, 0x0000000083000000|100%| O|  |TAMS 0x0000000083000000, 0x0000000082f00000| Untracked 
|  48|0x0000000083000000, 0x0000000083100000, 0x0000000083100000|100%| O|  |TAMS 0x0000000083100000, 0x0000000083000000| Untracked 
|  49|0x0000000083100000, 0x0000000083200000, 0x0000000083200000|100%| O|  |TAMS 0x0000000083200000, 0x0000000083100000| Untracked 
|  50|0x0000000083200000, 0x0000000083300000, 0x0000000083300000|100%| O|  |TAMS 0x0000000083300000, 0x0000000083200000| Untracked 
|  51|0x0000000083300000, 0x0000000083400000, 0x0000000083400000|100%| O|  |TAMS 0x0000000083400000, 0x0000000083300000| Untracked 
|  52|0x0000000083400000, 0x0000000083500000, 0x0000000083500000|100%| O|  |TAMS 0x0000000083500000, 0x0000000083400000| Untracked 
|  53|0x0000000083500000, 0x0000000083600000, 0x0000000083600000|100%| O|  |TAMS 0x0000000083600000, 0x0000000083500000| Untracked 
|  54|0x0000000083600000, 0x0000000083700000, 0x0000000083700000|100%| O|  |TAMS 0x0000000083700000, 0x0000000083600000| Untracked 
|  55|0x0000000083700000, 0x0000000083800000, 0x0000000083800000|100%| O|  |TAMS 0x0000000083800000, 0x0000000083700000| Untracked 
|  56|0x0000000083800000, 0x0000000083900000, 0x0000000083900000|100%| O|  |TAMS 0x0000000083900000, 0x0000000083800000| Untracked 
|  57|0x0000000083900000, 0x0000000083a00000, 0x0000000083a00000|100%| O|  |TAMS 0x0000000083a00000, 0x0000000083900000| Untracked 
|  58|0x0000000083a00000, 0x0000000083b00000, 0x0000000083b00000|100%| O|  |TAMS 0x0000000083b00000, 0x0000000083a00000| Untracked 
|  59|0x0000000083b00000, 0x0000000083c00000, 0x0000000083c00000|100%| O|  |TAMS 0x0000000083c00000, 0x0000000083b00000| Untracked 
|  60|0x0000000083c00000, 0x0000000083d00000, 0x0000000083d00000|100%| O|  |TAMS 0x0000000083d00000, 0x0000000083c00000| Untracked 
|  61|0x0000000083d00000, 0x0000000083e00000, 0x0000000083e00000|100%| O|  |TAMS 0x0000000083e00000, 0x0000000083d00000| Untracked 
|  62|0x0000000083e00000, 0x0000000083f00000, 0x0000000083f00000|100%| O|  |TAMS 0x0000000083f00000, 0x0000000083e00000| Untracked 
|  63|0x0000000083f00000, 0x0000000084000000, 0x0000000084000000|100%| O|  |TAMS 0x0000000084000000, 0x0000000083f00000| Untracked 
|  64|0x0000000084000000, 0x0000000084100000, 0x0000000084100000|100%| O|  |TAMS 0x0000000084100000, 0x0000000084000000| Untracked 
|  65|0x0000000084100000, 0x0000000084200000, 0x0000000084200000|100%| O|  |TAMS 0x0000000084200000, 0x0000000084100000| Untracked 
|  66|0x0000000084200000, 0x0000000084300000, 0x0000000084300000|100%| O|  |TAMS 0x0000000084300000, 0x0000000084200000| Untracked 
|  67|0x0000000084300000, 0x0000000084400000, 0x0000000084400000|100%| O|  |TAMS 0x0000000084400000, 0x0000000084300000| Untracked 
|  68|0x0000000084400000, 0x0000000084500000, 0x0000000084500000|100%| O|  |TAMS 0x0000000084500000, 0x0000000084400000| Untracked 
|  69|0x0000000084500000, 0x0000000084600000, 0x0000000084600000|100%| O|  |TAMS 0x0000000084600000, 0x0000000084500000| Untracked 
|  70|0x0000000084600000, 0x0000000084700000, 0x0000000084700000|100%| O|  |TAMS 0x0000000084700000, 0x0000000084600000| Untracked 
|  71|0x0000000084700000, 0x0000000084800000, 0x0000000084800000|100%| O|  |TAMS 0x0000000084800000, 0x0000000084700000| Untracked 
|  72|0x0000000084800000, 0x0000000084900000, 0x0000000084900000|100%| O|  |TAMS 0x0000000084900000, 0x0000000084800000| Untracked 
|  73|0x0000000084900000, 0x0000000084a00000, 0x0000000084a00000|100%| O|  |TAMS 0x0000000084a00000, 0x0000000084900000| Untracked 
|  74|0x0000000084a00000, 0x0000000084b00000, 0x0000000084b00000|100%| O|  |TAMS 0x0000000084b00000, 0x0000000084a00000| Untracked 
|  75|0x0000000084b00000, 0x0000000084c00000, 0x0000000084c00000|100%| O|  |TAMS 0x0000000084c00000, 0x0000000084b00000| Untracked 
|  76|0x0000000084c00000, 0x0000000084d00000, 0x0000000084d00000|100%| O|  |TAMS 0x0000000084d00000, 0x0000000084c00000| Untracked 
|  77|0x0000000084d00000, 0x0000000084e00000, 0x0000000084e00000|100%| O|  |TAMS 0x0000000084e00000, 0x0000000084d00000| Untracked 
|  78|0x0000000084e00000, 0x0000000084f00000, 0x0000000084f00000|100%| O|  |TAMS 0x0000000084f00000, 0x0000000084e00000| Untracked 
|  79|0x0000000084f00000, 0x0000000085000000, 0x0000000085000000|100%| O|  |TAMS 0x0000000085000000, 0x0000000084f00000| Untracked 
|  80|0x0000000085000000, 0x0000000085100000, 0x0000000085100000|100%| O|  |TAMS 0x0000000085100000, 0x0000000085000000| Untracked 
|  81|0x0000000085100000, 0x0000000085200000, 0x0000000085200000|100%| O|  |TAMS 0x0000000085200000, 0x0000000085100000| Untracked 
|  82|0x0000000085200000, 0x0000000085300000, 0x0000000085300000|100%| O|  |TAMS 0x0000000085300000, 0x0000000085200000| Untracked 
|  83|0x0000000085300000, 0x0000000085400000, 0x0000000085400000|100%| O|  |TAMS 0x0000000085400000, 0x0000000085300000| Untracked 
|  84|0x0000000085400000, 0x0000000085500000, 0x0000000085500000|100%| O|  |TAMS 0x0000000085500000, 0x0000000085400000| Untracked 
|  85|0x0000000085500000, 0x0000000085600000, 0x0000000085600000|100%| O|  |TAMS 0x0000000085600000, 0x0000000085500000| Untracked 
|  86|0x0000000085600000, 0x0000000085700000, 0x0000000085700000|100%| O|  |TAMS 0x0000000085700000, 0x0000000085600000| Untracked 
|  87|0x0000000085700000, 0x0000000085800000, 0x0000000085800000|100%| O|  |TAMS 0x0000000085800000, 0x0000000085700000| Untracked 
|  88|0x0000000085800000, 0x0000000085900000, 0x0000000085900000|100%| O|  |TAMS 0x0000000085900000, 0x0000000085800000| Untracked 
|  89|0x0000000085900000, 0x0000000085a00000, 0x0000000085a00000|100%| O|  |TAMS 0x0000000085a00000, 0x0000000085900000| Untracked 
|  90|0x0000000085a00000, 0x0000000085b00000, 0x0000000085b00000|100%| O|  |TAMS 0x0000000085b00000, 0x0000000085a00000| Untracked 
|  91|0x0000000085b00000, 0x0000000085c00000, 0x0000000085c00000|100%| O|  |TAMS 0x0000000085c00000, 0x0000000085b00000| Untracked 
|  92|0x0000000085c00000, 0x0000000085d00000, 0x0000000085d00000|100%| O|  |TAMS 0x0000000085d00000, 0x0000000085c00000| Untracked 
|  93|0x0000000085d00000, 0x0000000085e00000, 0x0000000085e00000|100%| O|  |TAMS 0x0000000085e00000, 0x0000000085d00000| Untracked 
|  94|0x0000000085e00000, 0x0000000085f00000, 0x0000000085f00000|100%| O|  |TAMS 0x0000000085f00000, 0x0000000085e00000| Untracked 
|  95|0x0000000085f00000, 0x0000000086000000, 0x0000000086000000|100%| O|  |TAMS 0x0000000086000000, 0x0000000085f00000| Untracked 
|  96|0x0000000086000000, 0x0000000086100000, 0x0000000086100000|100%|HS|  |TAMS 0x0000000086100000, 0x0000000086000000| Complete 
|  97|0x0000000086100000, 0x0000000086200000, 0x0000000086200000|100%|HC|  |TAMS 0x0000000086200000, 0x0000000086100000| Complete 
|  98|0x0000000086200000, 0x0000000086300000, 0x0000000086300000|100%| O|  |TAMS 0x0000000086300000, 0x0000000086200000| Untracked 
|  99|0x0000000086300000, 0x0000000086400000, 0x0000000086400000|100%| O|  |TAMS 0x0000000086400000, 0x0000000086300000| Untracked 
| 100|0x0000000086400000, 0x0000000086500000, 0x0000000086500000|100%| O|  |TAMS 0x0000000086500000, 0x0000000086400000| Untracked 
| 101|0x0000000086500000, 0x0000000086600000, 0x0000000086600000|100%| O|  |TAMS 0x0000000086600000, 0x0000000086500000| Untracked 
| 102|0x0000000086600000, 0x0000000086700000, 0x0000000086700000|100%| O|  |TAMS 0x0000000086700000, 0x0000000086600000| Untracked 
| 103|0x0000000086700000, 0x0000000086800000, 0x0000000086800000|100%| O|  |TAMS 0x0000000086800000, 0x0000000086700000| Untracked 
| 104|0x0000000086800000, 0x0000000086900000, 0x0000000086900000|100%| O|  |TAMS 0x0000000086900000, 0x0000000086800000| Untracked 
| 105|0x0000000086900000, 0x0000000086a00000, 0x0000000086a00000|100%| O|  |TAMS 0x0000000086a00000, 0x0000000086900000| Untracked 
| 106|0x0000000086a00000, 0x0000000086b00000, 0x0000000086b00000|100%| O|  |TAMS 0x0000000086b00000, 0x0000000086a00000| Untracked 
| 107|0x0000000086b00000, 0x0000000086c00000, 0x0000000086c00000|100%| O|  |TAMS 0x0000000086c00000, 0x0000000086b00000| Untracked 
| 108|0x0000000086c00000, 0x0000000086d00000, 0x0000000086d00000|100%| O|  |TAMS 0x0000000086d00000, 0x0000000086c00000| Untracked 
| 109|0x0000000086d00000, 0x0000000086e00000, 0x0000000086e00000|100%| O|  |TAMS 0x0000000086e00000, 0x0000000086d00000| Untracked 
| 110|0x0000000086e00000, 0x0000000086f00000, 0x0000000086f00000|100%| O|  |TAMS 0x0000000086e00000, 0x0000000086e00000| Untracked 
| 111|0x0000000086f00000, 0x0000000087000000, 0x0000000087000000|100%| O|  |TAMS 0x0000000086f00000, 0x0000000086f00000| Untracked 
| 112|0x0000000087000000, 0x0000000087100000, 0x0000000087100000|100%| O|  |TAMS 0x0000000087000000, 0x0000000087000000| Untracked 
| 113|0x0000000087100000, 0x0000000087200000, 0x0000000087200000|100%| O|  |TAMS 0x0000000087100000, 0x0000000087100000| Untracked 
| 114|0x0000000087200000, 0x0000000087300000, 0x0000000087300000|100%| O|  |TAMS 0x0000000087300000, 0x0000000087200000| Untracked 
| 115|0x0000000087300000, 0x0000000087400000, 0x0000000087400000|100%| O|  |TAMS 0x0000000087400000, 0x0000000087300000| Untracked 
| 116|0x0000000087400000, 0x0000000087500000, 0x0000000087500000|100%| O|  |TAMS 0x0000000087400000, 0x0000000087400000| Untracked 
| 117|0x0000000087500000, 0x0000000087600000, 0x0000000087600000|100%| O|  |TAMS 0x000000008756b200, 0x0000000087500000| Untracked 
| 118|0x0000000087600000, 0x0000000087700000, 0x0000000087700000|100%| O|  |TAMS 0x0000000087600000, 0x0000000087600000| Untracked 
| 119|0x0000000087700000, 0x0000000087800000, 0x0000000087800000|100%| O|  |TAMS 0x0000000087700000, 0x0000000087700000| Untracked 
| 120|0x0000000087800000, 0x0000000087900000, 0x0000000087900000|100%| O|  |TAMS 0x0000000087800000, 0x0000000087800000| Untracked 
| 121|0x0000000087900000, 0x0000000087a00000, 0x0000000087a00000|100%| O|  |TAMS 0x0000000087900000, 0x0000000087900000| Untracked 
| 122|0x0000000087a00000, 0x0000000087b00000, 0x0000000087b00000|100%| O|  |TAMS 0x0000000087a00000, 0x0000000087a00000| Untracked 
| 123|0x0000000087b00000, 0x0000000087c00000, 0x0000000087c00000|100%| O|  |TAMS 0x0000000087b00000, 0x0000000087b00000| Untracked 
| 124|0x0000000087c00000, 0x0000000087d00000, 0x0000000087d00000|100%| O|  |TAMS 0x0000000087c00000, 0x0000000087c00000| Untracked 
| 125|0x0000000087d00000, 0x0000000087e00000, 0x0000000087e00000|100%| O|  |TAMS 0x0000000087d00000, 0x0000000087d00000| Untracked 
| 126|0x0000000087e00000, 0x0000000087f00000, 0x0000000087f00000|100%| O|  |TAMS 0x0000000087e00000, 0x0000000087e00000| Untracked 
| 127|0x0000000087f00000, 0x0000000088000000, 0x0000000088000000|100%| O|  |TAMS 0x0000000087f00000, 0x0000000087f00000| Untracked 
| 128|0x0000000088000000, 0x0000000088100000, 0x0000000088100000|100%| O|  |TAMS 0x0000000088000000, 0x0000000088000000| Untracked 
| 129|0x0000000088100000, 0x0000000088200000, 0x0000000088200000|100%| O|  |TAMS 0x0000000088100000, 0x0000000088100000| Untracked 
| 130|0x0000000088200000, 0x0000000088300000, 0x0000000088300000|100%| O|  |TAMS 0x0000000088200000, 0x0000000088200000| Untracked 
| 131|0x0000000088300000, 0x0000000088400000, 0x0000000088400000|100%| O|  |TAMS 0x0000000088300000, 0x0000000088300000| Untracked 
| 132|0x0000000088400000, 0x0000000088500000, 0x0000000088500000|100%| O|  |TAMS 0x0000000088400000, 0x0000000088400000| Untracked 
| 133|0x0000000088500000, 0x0000000088600000, 0x0000000088600000|100%| O|  |TAMS 0x0000000088500000, 0x0000000088500000| Untracked 
| 134|0x0000000088600000, 0x0000000088700000, 0x0000000088700000|100%| O|  |TAMS 0x0000000088600000, 0x0000000088600000| Untracked 
| 135|0x0000000088700000, 0x0000000088800000, 0x0000000088800000|100%| O|  |TAMS 0x0000000088700000, 0x0000000088700000| Untracked 
| 136|0x0000000088800000, 0x0000000088900000, 0x0000000088900000|100%| O|  |TAMS 0x0000000088800000, 0x0000000088800000| Untracked 
| 137|0x0000000088900000, 0x0000000088a00000, 0x0000000088a00000|100%| O|  |TAMS 0x0000000088900000, 0x0000000088900000| Untracked 
| 138|0x0000000088a00000, 0x0000000088b00000, 0x0000000088b00000|100%| O|  |TAMS 0x0000000088a00000, 0x0000000088a00000| Untracked 
| 139|0x0000000088b00000, 0x0000000088c00000, 0x0000000088c00000|100%| O|  |TAMS 0x0000000088b00000, 0x0000000088b00000| Untracked 
| 140|0x0000000088c00000, 0x0000000088d00000, 0x0000000088d00000|100%| O|  |TAMS 0x0000000088c00000, 0x0000000088c00000| Untracked 
| 141|0x0000000088d00000, 0x0000000088e00000, 0x0000000088e00000|100%| O|  |TAMS 0x0000000088d00000, 0x0000000088d00000| Untracked 
| 142|0x0000000088e00000, 0x0000000088f00000, 0x0000000088f00000|100%| O|  |TAMS 0x0000000088e00000, 0x0000000088e00000| Untracked 
| 143|0x0000000088f00000, 0x0000000089000000, 0x0000000089000000|100%| O|  |TAMS 0x0000000088f00000, 0x0000000088f00000| Untracked 
| 144|0x0000000089000000, 0x0000000089100000, 0x0000000089100000|100%| O|  |TAMS 0x0000000089000000, 0x0000000089000000| Untracked 
| 145|0x0000000089100000, 0x0000000089200000, 0x0000000089200000|100%| O|  |TAMS 0x0000000089100000, 0x0000000089100000| Untracked 
| 146|0x0000000089200000, 0x0000000089300000, 0x0000000089300000|100%| O|  |TAMS 0x0000000089200000, 0x0000000089200000| Untracked 
| 147|0x0000000089300000, 0x0000000089400000, 0x0000000089400000|100%| O|  |TAMS 0x0000000089300000, 0x0000000089300000| Untracked 
| 148|0x0000000089400000, 0x0000000089500000, 0x0000000089500000|100%| O|  |TAMS 0x0000000089400000, 0x0000000089400000| Untracked 
| 149|0x0000000089500000, 0x0000000089600000, 0x0000000089600000|100%| O|  |TAMS 0x0000000089500000, 0x0000000089500000| Untracked 
| 150|0x0000000089600000, 0x0000000089700000, 0x0000000089700000|100%| O|  |TAMS 0x0000000089600000, 0x0000000089600000| Untracked 
| 151|0x0000000089700000, 0x0000000089800000, 0x0000000089800000|100%| O|  |TAMS 0x0000000089700000, 0x0000000089700000| Untracked 
| 152|0x0000000089800000, 0x0000000089900000, 0x0000000089900000|100%| O|  |TAMS 0x0000000089800000, 0x0000000089800000| Untracked 
| 153|0x0000000089900000, 0x0000000089a00000, 0x0000000089a00000|100%| O|  |TAMS 0x0000000089900000, 0x0000000089900000| Untracked 
| 154|0x0000000089a00000, 0x0000000089b00000, 0x0000000089b00000|100%| O|  |TAMS 0x0000000089a00000, 0x0000000089a00000| Untracked 
| 155|0x0000000089b00000, 0x0000000089c00000, 0x0000000089c00000|100%| O|  |TAMS 0x0000000089b00000, 0x0000000089b00000| Untracked 
| 156|0x0000000089c00000, 0x0000000089d00000, 0x0000000089d00000|100%| O|  |TAMS 0x0000000089c00000, 0x0000000089c00000| Untracked 
| 157|0x0000000089d00000, 0x0000000089e00000, 0x0000000089e00000|100%| O|  |TAMS 0x0000000089d00000, 0x0000000089d00000| Untracked 
| 158|0x0000000089e00000, 0x0000000089e2e400, 0x0000000089f00000| 18%| O|  |TAMS 0x0000000089e00000, 0x0000000089e00000| Untracked 
| 159|0x0000000089f00000, 0x0000000089f00000, 0x000000008a000000|  0%| F|  |TAMS 0x0000000089f00000, 0x0000000089f00000| Untracked 
| 160|0x000000008a000000, 0x000000008a000000, 0x000000008a100000|  0%| F|  |TAMS 0x000000008a000000, 0x000000008a000000| Untracked 
| 161|0x000000008a100000, 0x000000008a100000, 0x000000008a200000|  0%| F|  |TAMS 0x000000008a100000, 0x000000008a100000| Untracked 
| 162|0x000000008a200000, 0x000000008a200000, 0x000000008a300000|  0%| F|  |TAMS 0x000000008a200000, 0x000000008a200000| Untracked 
| 163|0x000000008a300000, 0x000000008a300000, 0x000000008a400000|  0%| F|  |TAMS 0x000000008a300000, 0x000000008a300000| Untracked 
| 164|0x000000008a400000, 0x000000008a400000, 0x000000008a500000|  0%| F|  |TAMS 0x000000008a400000, 0x000000008a400000| Untracked 
| 165|0x000000008a500000, 0x000000008a500000, 0x000000008a600000|  0%| F|  |TAMS 0x000000008a500000, 0x000000008a500000| Untracked 
| 166|0x000000008a600000, 0x000000008a600000, 0x000000008a700000|  0%| F|  |TAMS 0x000000008a600000, 0x000000008a600000| Untracked 
| 167|0x000000008a700000, 0x000000008a700000, 0x000000008a800000|  0%| F|  |TAMS 0x000000008a700000, 0x000000008a700000| Untracked 
| 168|0x000000008a800000, 0x000000008a800000, 0x000000008a900000|  0%| F|  |TAMS 0x000000008a800000, 0x000000008a800000| Untracked 
| 169|0x000000008a900000, 0x000000008a900000, 0x000000008aa00000|  0%| F|  |TAMS 0x000000008a900000, 0x000000008a900000| Untracked 
| 170|0x000000008aa00000, 0x000000008aa00000, 0x000000008ab00000|  0%| F|  |TAMS 0x000000008aa00000, 0x000000008aa00000| Untracked 
| 171|0x000000008ab00000, 0x000000008ab00000, 0x000000008ac00000|  0%| F|  |TAMS 0x000000008ab00000, 0x000000008ab00000| Untracked 
| 172|0x000000008ac00000, 0x000000008ac00000, 0x000000008ad00000|  0%| F|  |TAMS 0x000000008ac00000, 0x000000008ac00000| Untracked 
| 173|0x000000008ad00000, 0x000000008ad00000, 0x000000008ae00000|  0%| F|  |TAMS 0x000000008ad00000, 0x000000008ad00000| Untracked 
| 174|0x000000008ae00000, 0x000000008ae00000, 0x000000008af00000|  0%| F|  |TAMS 0x000000008ae00000, 0x000000008ae00000| Untracked 
| 175|0x000000008af00000, 0x000000008af00000, 0x000000008b000000|  0%| F|  |TAMS 0x000000008af00000, 0x000000008af00000| Untracked 
| 176|0x000000008b000000, 0x000000008b000000, 0x000000008b100000|  0%| F|  |TAMS 0x000000008b000000, 0x000000008b000000| Untracked 
| 177|0x000000008b100000, 0x000000008b100000, 0x000000008b200000|  0%| F|  |TAMS 0x000000008b100000, 0x000000008b100000| Untracked 
| 178|0x000000008b200000, 0x000000008b200000, 0x000000008b300000|  0%| F|  |TAMS 0x000000008b200000, 0x000000008b200000| Untracked 
| 179|0x000000008b300000, 0x000000008b300000, 0x000000008b400000|  0%| F|  |TAMS 0x000000008b300000, 0x000000008b300000| Untracked 
| 180|0x000000008b400000, 0x000000008b400000, 0x000000008b500000|  0%| F|  |TAMS 0x000000008b400000, 0x000000008b400000| Untracked 
| 181|0x000000008b500000, 0x000000008b500000, 0x000000008b600000|  0%| F|  |TAMS 0x000000008b500000, 0x000000008b500000| Untracked 
| 182|0x000000008b600000, 0x000000008b600000, 0x000000008b700000|  0%| F|  |TAMS 0x000000008b600000, 0x000000008b600000| Untracked 
| 183|0x000000008b700000, 0x000000008b700000, 0x000000008b800000|  0%| F|  |TAMS 0x000000008b700000, 0x000000008b700000| Untracked 
| 184|0x000000008b800000, 0x000000008b800000, 0x000000008b900000|  0%| F|  |TAMS 0x000000008b800000, 0x000000008b800000| Untracked 
| 185|0x000000008b900000, 0x000000008b900000, 0x000000008ba00000|  0%| F|  |TAMS 0x000000008b900000, 0x000000008b900000| Untracked 
| 186|0x000000008ba00000, 0x000000008ba00000, 0x000000008bb00000|  0%| F|  |TAMS 0x000000008ba00000, 0x000000008ba00000| Untracked 
| 187|0x000000008bb00000, 0x000000008bb00000, 0x000000008bc00000|  0%| F|  |TAMS 0x000000008bb00000, 0x000000008bb00000| Untracked 
| 188|0x000000008bc00000, 0x000000008bc00000, 0x000000008bd00000|  0%| F|  |TAMS 0x000000008bc00000, 0x000000008bc00000| Untracked 
| 189|0x000000008bd00000, 0x000000008bd00000, 0x000000008be00000|  0%| F|  |TAMS 0x000000008bd00000, 0x000000008bd00000| Untracked 
| 190|0x000000008be00000, 0x000000008be00000, 0x000000008bf00000|  0%| F|  |TAMS 0x000000008be00000, 0x000000008be00000| Untracked 
| 191|0x000000008bf00000, 0x000000008bf00000, 0x000000008c000000|  0%| F|  |TAMS 0x000000008bf00000, 0x000000008bf00000| Untracked 
| 192|0x000000008c000000, 0x000000008c000000, 0x000000008c100000|  0%| F|  |TAMS 0x000000008c000000, 0x000000008c000000| Untracked 
| 193|0x000000008c100000, 0x000000008c100000, 0x000000008c200000|  0%| F|  |TAMS 0x000000008c100000, 0x000000008c100000| Untracked 
| 194|0x000000008c200000, 0x000000008c200000, 0x000000008c300000|  0%| F|  |TAMS 0x000000008c200000, 0x000000008c200000| Untracked 
| 195|0x000000008c300000, 0x000000008c300000, 0x000000008c400000|  0%| F|  |TAMS 0x000000008c300000, 0x000000008c300000| Untracked 
| 196|0x000000008c400000, 0x000000008c400000, 0x000000008c500000|  0%| F|  |TAMS 0x000000008c400000, 0x000000008c400000| Untracked 
| 197|0x000000008c500000, 0x000000008c500000, 0x000000008c600000|  0%| F|  |TAMS 0x000000008c500000, 0x000000008c500000| Untracked 
| 198|0x000000008c600000, 0x000000008c600000, 0x000000008c700000|  0%| F|  |TAMS 0x000000008c600000, 0x000000008c600000| Untracked 
| 199|0x000000008c700000, 0x000000008c700000, 0x000000008c800000|  0%| F|  |TAMS 0x000000008c700000, 0x000000008c700000| Untracked 
| 200|0x000000008c800000, 0x000000008c800000, 0x000000008c900000|  0%| F|  |TAMS 0x000000008c800000, 0x000000008c800000| Untracked 
| 201|0x000000008c900000, 0x000000008c900000, 0x000000008ca00000|  0%| F|  |TAMS 0x000000008c900000, 0x000000008c900000| Untracked 
| 202|0x000000008ca00000, 0x000000008ca00000, 0x000000008cb00000|  0%| F|  |TAMS 0x000000008ca00000, 0x000000008ca00000| Untracked 
| 203|0x000000008cb00000, 0x000000008cb00000, 0x000000008cc00000|  0%| F|  |TAMS 0x000000008cb00000, 0x000000008cb00000| Untracked 
| 204|0x000000008cc00000, 0x000000008cc00000, 0x000000008cd00000|  0%| F|  |TAMS 0x000000008cc00000, 0x000000008cc00000| Untracked 
| 205|0x000000008cd00000, 0x000000008cd00000, 0x000000008ce00000|  0%| F|  |TAMS 0x000000008cd00000, 0x000000008cd00000| Untracked 
| 206|0x000000008ce00000, 0x000000008ce00000, 0x000000008cf00000|  0%| F|  |TAMS 0x000000008ce00000, 0x000000008ce00000| Untracked 
| 207|0x000000008cf00000, 0x000000008cf5b010, 0x000000008d000000| 35%| S|CS|TAMS 0x000000008cf00000, 0x000000008cf00000| Complete 
| 208|0x000000008d000000, 0x000000008d100000, 0x000000008d100000|100%| S|CS|TAMS 0x000000008d000000, 0x000000008d000000| Complete 
| 209|0x000000008d100000, 0x000000008d200000, 0x000000008d200000|100%| S|CS|TAMS 0x000000008d100000, 0x000000008d100000| Complete 
| 210|0x000000008d200000, 0x000000008d300000, 0x000000008d300000|100%| S|CS|TAMS 0x000000008d200000, 0x000000008d200000| Complete 
| 211|0x000000008d300000, 0x000000008d300000, 0x000000008d400000|  0%| F|  |TAMS 0x000000008d300000, 0x000000008d300000| Untracked 
| 212|0x000000008d400000, 0x000000008d400000, 0x000000008d500000|  0%| F|  |TAMS 0x000000008d400000, 0x000000008d400000| Untracked 
| 213|0x000000008d500000, 0x000000008d500000, 0x000000008d600000|  0%| F|  |TAMS 0x000000008d500000, 0x000000008d500000| Untracked 
| 214|0x000000008d600000, 0x000000008d600000, 0x000000008d700000|  0%| F|  |TAMS 0x000000008d600000, 0x000000008d600000| Untracked 
| 215|0x000000008d700000, 0x000000008d700000, 0x000000008d800000|  0%| F|  |TAMS 0x000000008d700000, 0x000000008d700000| Untracked 
| 216|0x000000008d800000, 0x000000008d800000, 0x000000008d900000|  0%| F|  |TAMS 0x000000008d800000, 0x000000008d800000| Untracked 
| 217|0x000000008d900000, 0x000000008d900000, 0x000000008da00000|  0%| F|  |TAMS 0x000000008d900000, 0x000000008d900000| Untracked 
| 218|0x000000008da00000, 0x000000008da00000, 0x000000008db00000|  0%| F|  |TAMS 0x000000008da00000, 0x000000008da00000| Untracked 
| 219|0x000000008db00000, 0x000000008dc00000, 0x000000008dc00000|100%| S|CS|TAMS 0x000000008db00000, 0x000000008db00000| Complete 
| 220|0x000000008dc00000, 0x000000008dd00000, 0x000000008dd00000|100%| S|CS|TAMS 0x000000008dc00000, 0x000000008dc00000| Complete 
| 221|0x000000008dd00000, 0x000000008dd00000, 0x000000008de00000|  0%| F|  |TAMS 0x000000008dd00000, 0x000000008dd00000| Untracked 
| 222|0x000000008de00000, 0x000000008de00000, 0x000000008df00000|  0%| F|  |TAMS 0x000000008de00000, 0x000000008de00000| Untracked 
| 223|0x000000008df00000, 0x000000008df00000, 0x000000008e000000|  0%| F|  |TAMS 0x000000008df00000, 0x000000008df00000| Untracked 
| 224|0x000000008e000000, 0x000000008e000000, 0x000000008e100000|  0%| F|  |TAMS 0x000000008e000000, 0x000000008e000000| Untracked 
| 225|0x000000008e100000, 0x000000008e100000, 0x000000008e200000|  0%| F|  |TAMS 0x000000008e100000, 0x000000008e100000| Untracked 
| 226|0x000000008e200000, 0x000000008e200000, 0x000000008e300000|  0%| F|  |TAMS 0x000000008e200000, 0x000000008e200000| Untracked 
| 227|0x000000008e300000, 0x000000008e300000, 0x000000008e400000|  0%| F|  |TAMS 0x000000008e300000, 0x000000008e300000| Untracked 
| 228|0x000000008e400000, 0x000000008e400000, 0x000000008e500000|  0%| F|  |TAMS 0x000000008e400000, 0x000000008e400000| Untracked 
| 229|0x000000008e500000, 0x000000008e500000, 0x000000008e600000|  0%| F|  |TAMS 0x000000008e500000, 0x000000008e500000| Untracked 
| 230|0x000000008e600000, 0x000000008e600000, 0x000000008e700000|  0%| F|  |TAMS 0x000000008e600000, 0x000000008e600000| Untracked 
| 231|0x000000008e700000, 0x000000008e700000, 0x000000008e800000|  0%| F|  |TAMS 0x000000008e700000, 0x000000008e700000| Untracked 
| 232|0x000000008e800000, 0x000000008e800000, 0x000000008e900000|  0%| F|  |TAMS 0x000000008e800000, 0x000000008e800000| Untracked 
| 233|0x000000008e900000, 0x000000008e900000, 0x000000008ea00000|  0%| F|  |TAMS 0x000000008e900000, 0x000000008e900000| Untracked 
| 234|0x000000008ea00000, 0x000000008ea00000, 0x000000008eb00000|  0%| F|  |TAMS 0x000000008ea00000, 0x000000008ea00000| Untracked 
| 235|0x000000008eb00000, 0x000000008eb00000, 0x000000008ec00000|  0%| F|  |TAMS 0x000000008eb00000, 0x000000008eb00000| Untracked 
| 236|0x000000008ec00000, 0x000000008ec00000, 0x000000008ed00000|  0%| F|  |TAMS 0x000000008ec00000, 0x000000008ec00000| Untracked 
| 237|0x000000008ed00000, 0x000000008ed00000, 0x000000008ee00000|  0%| F|  |TAMS 0x000000008ed00000, 0x000000008ed00000| Untracked 
| 238|0x000000008ee00000, 0x000000008ee00000, 0x000000008ef00000|  0%| F|  |TAMS 0x000000008ee00000, 0x000000008ee00000| Untracked 
| 239|0x000000008ef00000, 0x000000008ef00000, 0x000000008f000000|  0%| F|  |TAMS 0x000000008ef00000, 0x000000008ef00000| Untracked 
| 240|0x000000008f000000, 0x000000008f000000, 0x000000008f100000|  0%| F|  |TAMS 0x000000008f000000, 0x000000008f000000| Untracked 
| 241|0x000000008f100000, 0x000000008f100000, 0x000000008f200000|  0%| F|  |TAMS 0x000000008f100000, 0x000000008f100000| Untracked 
| 242|0x000000008f200000, 0x000000008f200000, 0x000000008f300000|  0%| F|  |TAMS 0x000000008f200000, 0x000000008f200000| Untracked 
| 243|0x000000008f300000, 0x000000008f300000, 0x000000008f400000|  0%| F|  |TAMS 0x000000008f300000, 0x000000008f300000| Untracked 
| 244|0x000000008f400000, 0x000000008f400000, 0x000000008f500000|  0%| F|  |TAMS 0x000000008f400000, 0x000000008f400000| Untracked 
| 245|0x000000008f500000, 0x000000008f500000, 0x000000008f600000|  0%| F|  |TAMS 0x000000008f500000, 0x000000008f500000| Untracked 
| 246|0x000000008f600000, 0x000000008f600000, 0x000000008f700000|  0%| F|  |TAMS 0x000000008f600000, 0x000000008f600000| Untracked 
| 247|0x000000008f700000, 0x000000008f700000, 0x000000008f800000|  0%| F|  |TAMS 0x000000008f700000, 0x000000008f700000| Untracked 
| 248|0x000000008f800000, 0x000000008f800000, 0x000000008f900000|  0%| F|  |TAMS 0x000000008f800000, 0x000000008f800000| Untracked 
| 249|0x000000008f900000, 0x000000008f900000, 0x000000008fa00000|  0%| F|  |TAMS 0x000000008f900000, 0x000000008f900000| Untracked 
| 250|0x000000008fa00000, 0x000000008fa00000, 0x000000008fb00000|  0%| F|  |TAMS 0x000000008fa00000, 0x000000008fa00000| Untracked 
| 251|0x000000008fb00000, 0x000000008fb00000, 0x000000008fc00000|  0%| F|  |TAMS 0x000000008fb00000, 0x000000008fb00000| Untracked 
| 252|0x000000008fc00000, 0x000000008fc00000, 0x000000008fd00000|  0%| F|  |TAMS 0x000000008fc00000, 0x000000008fc00000| Untracked 
| 253|0x000000008fd00000, 0x000000008fd00000, 0x000000008fe00000|  0%| F|  |TAMS 0x000000008fd00000, 0x000000008fd00000| Untracked 
| 254|0x000000008fe00000, 0x000000008fe00000, 0x000000008ff00000|  0%| F|  |TAMS 0x000000008fe00000, 0x000000008fe00000| Untracked 
| 255|0x000000008ff00000, 0x000000008ff00000, 0x0000000090000000|  0%| F|  |TAMS 0x000000008ff00000, 0x000000008ff00000| Untracked 
| 256|0x0000000090000000, 0x0000000090000000, 0x0000000090100000|  0%| F|  |TAMS 0x0000000090000000, 0x0000000090000000| Untracked 
| 257|0x0000000090100000, 0x0000000090100000, 0x0000000090200000|  0%| F|  |TAMS 0x0000000090100000, 0x0000000090100000| Untracked 
| 258|0x0000000090200000, 0x0000000090200000, 0x0000000090300000|  0%| F|  |TAMS 0x0000000090200000, 0x0000000090200000| Untracked 
| 259|0x0000000090300000, 0x0000000090300000, 0x0000000090400000|  0%| F|  |TAMS 0x0000000090300000, 0x0000000090300000| Untracked 
| 260|0x0000000090400000, 0x0000000090400000, 0x0000000090500000|  0%| F|  |TAMS 0x0000000090400000, 0x0000000090400000| Untracked 
| 261|0x0000000090500000, 0x0000000090500000, 0x0000000090600000|  0%| F|  |TAMS 0x0000000090500000, 0x0000000090500000| Untracked 
| 262|0x0000000090600000, 0x0000000090600000, 0x0000000090700000|  0%| F|  |TAMS 0x0000000090600000, 0x0000000090600000| Untracked 
| 263|0x0000000090700000, 0x0000000090700000, 0x0000000090800000|  0%| F|  |TAMS 0x0000000090700000, 0x0000000090700000| Untracked 
| 264|0x0000000090800000, 0x0000000090800000, 0x0000000090900000|  0%| F|  |TAMS 0x0000000090800000, 0x0000000090800000| Untracked 
| 265|0x0000000090900000, 0x0000000090900000, 0x0000000090a00000|  0%| F|  |TAMS 0x0000000090900000, 0x0000000090900000| Untracked 
| 266|0x0000000090a00000, 0x0000000090a00000, 0x0000000090b00000|  0%| F|  |TAMS 0x0000000090a00000, 0x0000000090a00000| Untracked 
| 267|0x0000000090b00000, 0x0000000090b00000, 0x0000000090c00000|  0%| F|  |TAMS 0x0000000090b00000, 0x0000000090b00000| Untracked 
| 268|0x0000000090c00000, 0x0000000090c00000, 0x0000000090d00000|  0%| F|  |TAMS 0x0000000090c00000, 0x0000000090c00000| Untracked 

Card table byte_map: [0x000001fb4e3d0000,0x000001fb4e7d0000] _byte_map_base: 0x000001fb4dfd0000

Marking Bits (Prev, Next): (CMBitMap*) 0x000001fb392ee038, (CMBitMap*) 0x000001fb392ee070
 Prev Bits: [0x000001fb4ebd0000, 0x000001fb50bd0000)
 Next Bits: [0x000001fb50bd0000, 0x000001fb52bd0000)

Polling page: 0x000001fb39130000

Metaspace:

Usage:
  Non-class:    102.23 MB capacity,   100.20 MB ( 98%) used,     1.64 MB (  2%) free+waste,   402.50 KB ( <1%) overhead. 
      Class:     16.04 MB capacity,    14.77 MB ( 92%) used,     1.08 MB (  7%) free+waste,   181.44 KB (  1%) overhead. 
       Both:    118.27 MB capacity,   114.97 MB ( 97%) used,     2.73 MB (  2%) free+waste,   583.94 KB ( <1%) overhead. 

Virtual space:
  Non-class space:      104.00 MB reserved,     102.58 MB ( 99%) committed 
      Class space:        1.00 GB reserved,      16.32 MB (  2%) committed 
             Both:        1.10 GB reserved,     118.91 MB ( 11%) committed 

Chunk freelists:
   Non-Class:  165.00 KB
       Class:  283.00 KB
        Both:  448.00 KB

MaxMetaspaceSize: 17179869184.00 GB
CompressedClassSpaceSize: 1.00 GB
Initial GC threshold: 20.80 MB
Current GC threshold: 196.51 MB
CDS: off

CodeHeap 'non-profiled nmethods': size=120000Kb used=10336Kb max_used=10336Kb free=109663Kb
 bounds [0x000001fb46040000, 0x000001fb46a60000, 0x000001fb4d570000]
CodeHeap 'profiled nmethods': size=120000Kb used=40368Kb max_used=40368Kb free=79631Kb
 bounds [0x000001fb3eb10000, 0x000001fb41280000, 0x000001fb46040000]
CodeHeap 'non-nmethods': size=5760Kb used=2440Kb max_used=2505Kb free=3319Kb
 bounds [0x000001fb3e570000, 0x000001fb3e7f0000, 0x000001fb3eb10000]
 total_blobs=18392 nmethods=17423 adapters=880
 compilation: enabled
              stopped_count=0, restarted_count=0
 full_count=0

Compilation events (20 events):
Event: 818.070 Thread 0x000001fb55f4d800 nmethod 17906 0x000001fb41272d90 code [0x000001fb41272f40, 0x000001fb412730e8]
Event: 818.070 Thread 0x000001fb55f4d800 17910       2       com.android.tools.r8.internal.jr::j (37 bytes)
Event: 818.070 Thread 0x000001fb55f4d800 nmethod 17910 0x000001fb41273190 code [0x000001fb41273360, 0x000001fb41273568]
Event: 818.070 Thread 0x000001fb55f4d800 17907       2       com.android.tools.r8.internal.lq::d (22 bytes)
Event: 818.070 Thread 0x000001fb55f4d800 nmethod 17907 0x000001fb41273710 code [0x000001fb412738e0, 0x000001fb41273ab8]
Event: 818.070 Thread 0x000001fb55f4d800 17902       2       com.android.tools.r8.internal.ct::a (15 bytes)
Event: 818.071 Thread 0x000001fb55f4d800 nmethod 17902 0x000001fb41273c10 code [0x000001fb41273dc0, 0x000001fb41273ee8]
Event: 818.071 Thread 0x000001fb55f4d800 17899       2       com.android.tools.r8.internal.Pl::d (154 bytes)
Event: 818.072 Thread 0x000001fb55f4d800 nmethod 17899 0x000001fb41273f90 code [0x000001fb412741c0, 0x000001fb41274718]
Event: 818.072 Thread 0x000001fb55f4d800 17911       2       com.android.tools.r8.internal.h4::b (70 bytes)
Event: 818.072 Thread 0x000001fb55f4d800 nmethod 17911 0x000001fb41274a10 code [0x000001fb41274bc0, 0x000001fb41274ce8]
Event: 818.072 Thread 0x000001fb55f4d800 17912       2       com.android.tools.r8.internal.tJ::a (256 bytes)
Event: 818.076 Thread 0x000001fb55f4d800 nmethod 17912 0x000001fb41274e10 code [0x000001fb41275200, 0x000001fb412769f8]
Event: 818.076 Thread 0x000001fb55f4d800 17915       2       com.android.tools.r8.internal.qb::b (453 bytes)
Event: 818.081 Thread 0x000001fb55f4d800 nmethod 17915 0x000001fb41277690 code [0x000001fb41277b40, 0x000001fb412793d8]
Event: 818.081 Thread 0x000001fb55f4d800 17923       2       com.android.tools.r8.ir.regalloc.i::b (207 bytes)
Event: 818.082 Thread 0x000001fb55f4d800 nmethod 17923 0x000001fb4127a490 code [0x000001fb4127a780, 0x000001fb4127b278]
Event: 818.082 Thread 0x000001fb55f4d800 17918       2       com.android.tools.r8.internal.h4::Q (80 bytes)
Event: 818.083 Thread 0x000001fb55f4d800 nmethod 17918 0x000001fb4127ba10 code [0x000001fb4127bc40, 0x000001fb4127bfd8]
Event: 818.083 Thread 0x000001fb55f4d800 17921       2       com.android.tools.r8.ir.regalloc.b::a (716 bytes)

GC Heap History (20 events):
Event: 816.322 GC heap after
{Heap after GC invocations=41 (full 0):
 garbage-first heap   total 187392K, used 115425K [0x0000000080000000, 0x0000000100000000)
  region size 1024K, 8 young (8192K), 8 survivors (8192K)
 Metaspace       used 116656K, capacity 119955K, committed 120736K, reserved 1153024K
  class space    used 15106K, capacity 16368K, committed 16716K, reserved 1048576K
}
Event: 816.331 GC heap before
{Heap before GC invocations=41 (full 0):
 garbage-first heap   total 187392K, used 116449K [0x0000000080000000, 0x0000000100000000)
  region size 1024K, 9 young (9216K), 8 survivors (8192K)
 Metaspace       used 116668K, capacity 119964K, committed 120736K, reserved 1153024K
  class space    used 15110K, capacity 16371K, committed 16716K, reserved 1048576K
}
Event: 816.348 GC heap after
{Heap after GC invocations=42 (full 0):
 garbage-first heap   total 187392K, used 116607K [0x0000000080000000, 0x0000000100000000)
  region size 1024K, 1 young (1024K), 1 survivors (1024K)
 Metaspace       used 116668K, capacity 119964K, committed 120736K, reserved 1153024K
  class space    used 15110K, capacity 16371K, committed 16716K, reserved 1048576K
}
Event: 816.419 GC heap before
{Heap before GC invocations=42 (full 0):
 garbage-first heap   total 187392K, used 150399K [0x0000000080000000, 0x0000000100000000)
  region size 1024K, 35 young (35840K), 1 survivors (1024K)
 Metaspace       used 116671K, capacity 119964K, committed 120736K, reserved 1153024K
  class space    used 15110K, capacity 16371K, committed 16716K, reserved 1048576K
}
Event: 816.439 GC heap after
{Heap after GC invocations=43 (full 0):
 garbage-first heap   total 187392K, used 125356K [0x0000000080000000, 0x0000000100000000)
  region size 1024K, 5 young (5120K), 5 survivors (5120K)
 Metaspace       used 116671K, capacity 119964K, committed 120736K, reserved 1153024K
  class space    used 15110K, capacity 16371K, committed 16716K, reserved 1048576K
}
Event: 816.770 GC heap before
{Heap before GC invocations=44 (full 0):
 garbage-first heap   total 187392K, used 150956K [0x0000000080000000, 0x0000000100000000)
  region size 1024K, 31 young (31744K), 5 survivors (5120K)
 Metaspace       used 116995K, capacity 120272K, committed 120992K, reserved 1153024K
  class space    used 15116K, capacity 16406K, committed 16716K, reserved 1048576K
}
Event: 816.783 GC heap after
{Heap after GC invocations=45 (full 0):
 garbage-first heap   total 187392K, used 130651K [0x0000000080000000, 0x0000000100000000)
  region size 1024K, 4 young (4096K), 4 survivors (4096K)
 Metaspace       used 116995K, capacity 120272K, committed 120992K, reserved 1153024K
  class space    used 15116K, capacity 16406K, committed 16716K, reserved 1048576K
}
Event: 816.819 GC heap before
{Heap before GC invocations=45 (full 0):
 garbage-first heap   total 187392K, used 134747K [0x0000000080000000, 0x0000000100000000)
  region size 1024K, 9 young (9216K), 4 survivors (4096K)
 Metaspace       used 117007K, capacity 120336K, committed 120992K, reserved 1153024K
  class space    used 15117K, capacity 16406K, committed 16716K, reserved 1048576K
}
Event: 816.831 GC heap after
{Heap after GC invocations=46 (full 0):
 garbage-first heap   total 187392K, used 128200K [0x0000000080000000, 0x0000000100000000)
  region size 1024K, 2 young (2048K), 2 survivors (2048K)
 Metaspace       used 117007K, capacity 120336K, committed 120992K, reserved 1153024K
  class space    used 15117K, capacity 16406K, committed 16716K, reserved 1048576K
}
Event: 816.983 GC heap before
{Heap before GC invocations=46 (full 0):
 garbage-first heap   total 187392K, used 151752K [0x0000000080000000, 0x0000000100000000)
  region size 1024K, 26 young (26624K), 2 survivors (2048K)
 Metaspace       used 117025K, capacity 120401K, committed 120992K, reserved 1153024K
  class space    used 15117K, capacity 16406K, committed 16716K, reserved 1048576K
}
Event: 816.995 GC heap after
{Heap after GC invocations=47 (full 0):
 garbage-first heap   total 187392K, used 132869K [0x0000000080000000, 0x0000000100000000)
  region size 1024K, 4 young (4096K), 4 survivors (4096K)
 Metaspace       used 117025K, capacity 120401K, committed 120992K, reserved 1153024K
  class space    used 15117K, capacity 16406K, committed 16716K, reserved 1048576K
}
Event: 817.102 GC heap before
{Heap before GC invocations=47 (full 0):
 garbage-first heap   total 187392K, used 154373K [0x0000000080000000, 0x0000000100000000)
  region size 1024K, 26 young (26624K), 4 survivors (4096K)
 Metaspace       used 117075K, capacity 120403K, committed 120992K, reserved 1153024K
  class space    used 15118K, capacity 16406K, committed 16716K, reserved 1048576K
}
Event: 817.119 GC heap after
{Heap after GC invocations=48 (full 0):
 garbage-first heap   total 275456K, used 137181K [0x0000000080000000, 0x0000000100000000)
  region size 1024K, 4 young (4096K), 4 survivors (4096K)
 Metaspace       used 117075K, capacity 120403K, committed 120992K, reserved 1153024K
  class space    used 15118K, capacity 16406K, committed 16716K, reserved 1048576K
}
Event: 817.424 GC heap before
{Heap before GC invocations=48 (full 0):
 garbage-first heap   total 275456K, used 188381K [0x0000000080000000, 0x0000000100000000)
  region size 1024K, 55 young (56320K), 4 survivors (4096K)
 Metaspace       used 117236K, capacity 120607K, committed 121248K, reserved 1155072K
  class space    used 15119K, capacity 16407K, committed 16716K, reserved 1048576K
}
Event: 817.442 GC heap after
{Heap after GC invocations=49 (full 0):
 garbage-first heap   total 275456K, used 145408K [0x0000000080000000, 0x0000000100000000)
  region size 1024K, 7 young (7168K), 7 survivors (7168K)
 Metaspace       used 117236K, capacity 120607K, committed 121248K, reserved 1155072K
  class space    used 15119K, capacity 16407K, committed 16716K, reserved 1048576K
}
Event: 817.582 GC heap before
{Heap before GC invocations=49 (full 0):
 garbage-first heap   total 275456K, used 196608K [0x0000000080000000, 0x0000000100000000)
  region size 1024K, 58 young (59392K), 7 survivors (7168K)
 Metaspace       used 117331K, capacity 120696K, committed 121248K, reserved 1155072K
  class space    used 15125K, capacity 16415K, committed 16716K, reserved 1048576K
}
Event: 817.602 GC heap after
{Heap after GC invocations=50 (full 0):
 garbage-first heap   total 275456K, used 153932K [0x0000000080000000, 0x0000000100000000)
  region size 1024K, 8 young (8192K), 8 survivors (8192K)
 Metaspace       used 117331K, capacity 120696K, committed 121248K, reserved 1155072K
  class space    used 15125K, capacity 16415K, committed 16716K, reserved 1048576K
}
Event: 817.795 GC heap before
{Heap before GC invocations=50 (full 0):
 garbage-first heap   total 275456K, used 204108K [0x0000000080000000, 0x0000000100000000)
  region size 1024K, 58 young (59392K), 8 survivors (8192K)
 Metaspace       used 117502K, capacity 120848K, committed 121504K, reserved 1155072K
  class space    used 15129K, capacity 16421K, committed 16716K, reserved 1048576K
}
Event: 817.812 GC heap after
{Heap after GC invocations=51 (full 0):
 garbage-first heap   total 275456K, used 161914K [0x0000000080000000, 0x0000000100000000)
  region size 1024K, 8 young (8192K), 8 survivors (8192K)
 Metaspace       used 117502K, capacity 120848K, committed 121504K, reserved 1155072K
  class space    used 15129K, capacity 16421K, committed 16716K, reserved 1048576K
}
Event: 818.086 GC heap before
{Heap before GC invocations=51 (full 0):
 garbage-first heap   total 275456K, used 211066K [0x0000000080000000, 0x0000000100000000)
  region size 1024K, 56 young (57344K), 8 survivors (8192K)
 Metaspace       used 117730K, capacity 121108K, committed 121760K, reserved 1155072K
  class space    used 15129K, capacity 16421K, committed 16716K, reserved 1048576K
}

Deoptimization events (20 events):
Event: 817.685 Thread 0x000001fb58777800 DEOPT PACKING pc=0x000001fb405f9275 sp=0x0000001c8f8f9ae0
Event: 817.685 Thread 0x000001fb58777800 DEOPT UNPACKING pc=0x000001fb3e5ba95e sp=0x0000001c8f8f8fe0 mode 0
Event: 817.746 Thread 0x000001fb56b4d000 DEOPT PACKING pc=0x000001fb405afce4 sp=0x0000001c8f1f9a20
Event: 817.746 Thread 0x000001fb56b4d000 DEOPT UNPACKING pc=0x000001fb3e5ba95e sp=0x0000001c8f1f9380 mode 0
Event: 817.757 Thread 0x000001fb56b4d000 Uncommon trap: trap_request=0xffffff4d fr.pc=0x000001fb469b09c4 relative=0x0000000000000164
Event: 817.757 Thread 0x000001fb56b4d000 Uncommon trap: reason=unstable_if action=reinterpret pc=0x000001fb469b09c4 method=java.util.TreeSet.addAll(Ljava/util/Collection;)Z @ 25 c2
Event: 817.757 Thread 0x000001fb56b4d000 DEOPT PACKING pc=0x000001fb469b09c4 sp=0x0000001c8f1f92c0
Event: 817.757 Thread 0x000001fb56b4d000 DEOPT UNPACKING pc=0x000001fb3e5ba1af sp=0x0000001c8f1f9240 mode 2
Event: 817.829 Thread 0x000001fb56b4e000 DEOPT PACKING pc=0x000001fb4059d7be sp=0x0000001c8ebf9d00
Event: 817.829 Thread 0x000001fb56b4e000 DEOPT UNPACKING pc=0x000001fb3e5ba95e sp=0x0000001c8ebf93f0 mode 0
Event: 817.951 Thread 0x000001fb59343800 Uncommon trap: trap_request=0xffffff7e fr.pc=0x000001fb46a2dc24 relative=0x0000000000000204
Event: 817.951 Thread 0x000001fb59343800 Uncommon trap: reason=predicate action=maybe_recompile pc=0x000001fb46a2dc24 method=com.android.tools.r8.graph.d1.a([C)I @ 8 c2
Event: 817.951 Thread 0x000001fb59343800 DEOPT PACKING pc=0x000001fb46a2dc24 sp=0x0000001c8aef9db0
Event: 817.951 Thread 0x000001fb59343800 DEOPT UNPACKING pc=0x000001fb3e5ba1af sp=0x0000001c8aef9d38 mode 2
Event: 817.982 Thread 0x000001fb56b4c800 DEOPT PACKING pc=0x000001fb40661227 sp=0x0000001c8eaf9eb0
Event: 817.982 Thread 0x000001fb56b4c800 DEOPT UNPACKING pc=0x000001fb3e5ba95e sp=0x0000001c8eaf9478 mode 0
Event: 818.005 Thread 0x000001fb56b4c800 DEOPT PACKING pc=0x000001fb40f5753b sp=0x0000001c8eaf9eb0
Event: 818.005 Thread 0x000001fb56b4c800 DEOPT UNPACKING pc=0x000001fb3e5ba95e sp=0x0000001c8eaf94e8 mode 0
Event: 818.035 Thread 0x000001fb5c01e000 DEOPT PACKING pc=0x000001fb412281b6 sp=0x0000001c8c4f8e10
Event: 818.035 Thread 0x000001fb5c01e000 DEOPT UNPACKING pc=0x000001fb3e5ba95e sp=0x0000001c8c4f8288 mode 0

Classes redefined (0 events):
No events

Internal exceptions (20 events):
Event: 30.259 Thread 0x000001fb58ab3000 Exception <a 'java/lang/NoSuchMethodError'{0x000000008a796640}: <clinit>> (0x000000008a796640) thrown at [./src/hotspot/share/prims/jni.cpp, line 1365]
Event: 30.260 Thread 0x000001fb58ab3000 Exception <a 'java/lang/NoSuchMethodError'{0x000000008a7a27b0}: <clinit>> (0x000000008a7a27b0) thrown at [./src/hotspot/share/prims/jni.cpp, line 1365]
Event: 32.417 Thread 0x000001fb57b4e000 Implicit null exception at 0x000001fb46075274 to 0x000001fb46075774
Event: 32.417 Thread 0x000001fb57b4e000 Implicit null exception at 0x000001fb463f8194 to 0x000001fb463f8758
Event: 809.025 Thread 0x000001fb5933d000 Implicit null exception at 0x000001fb46803e4f to 0x000001fb4680adf8
Event: 810.407 Thread 0x000001fb5933d000 Exception <a 'sun/nio/fs/WindowsException'{0x0000000087ef6168}> (0x0000000087ef6168) thrown at [./src/hotspot/share/prims/jni.cpp, line 615]
Event: 810.726 Thread 0x000001fb5933d000 Exception <a 'java/lang/NoClassDefFoundError'{0x000000008b478798}: org/jetbrains/kotlin/gradle/plugin/KotlinBasePluginWrapper> (0x000000008b478798) thrown at [./src/hotspot/share/oops/constantPool.cpp, line 775]
Event: 810.835 Thread 0x000001fb5933d000 Exception <a 'sun/nio/fs/WindowsException'{0x000000008b145cc8}> (0x000000008b145cc8) thrown at [./src/hotspot/share/prims/jni.cpp, line 615]
Event: 810.922 Thread 0x000001fb5933d000 Exception <a 'sun/nio/fs/WindowsException'{0x000000008b1e92b0}> (0x000000008b1e92b0) thrown at [./src/hotspot/share/prims/jni.cpp, line 615]
Event: 810.923 Thread 0x000001fb5933d000 Exception <a 'sun/nio/fs/WindowsException'{0x000000008b1ea628}> (0x000000008b1ea628) thrown at [./src/hotspot/share/prims/jni.cpp, line 615]
Event: 810.923 Thread 0x000001fb5933d000 Exception <a 'sun/nio/fs/WindowsException'{0x000000008b1eb9f0}> (0x000000008b1eb9f0) thrown at [./src/hotspot/share/prims/jni.cpp, line 615]
Event: 810.923 Thread 0x000001fb5933d000 Exception <a 'sun/nio/fs/WindowsException'{0x000000008b1ecdb8}> (0x000000008b1ecdb8) thrown at [./src/hotspot/share/prims/jni.cpp, line 615]
Event: 815.966 Thread 0x000001fb56b4e000 Exception <a 'sun/nio/fs/WindowsException'{0x00000000889b4a30}> (0x00000000889b4a30) thrown at [./src/hotspot/share/prims/jni.cpp, line 615]
Event: 815.970 Thread 0x000001fb56b4d000 Exception <a 'sun/nio/fs/WindowsException'{0x00000000888448d0}> (0x00000000888448d0) thrown at [./src/hotspot/share/prims/jni.cpp, line 615]
Event: 815.977 Thread 0x000001fb58777800 Exception <a 'sun/nio/fs/WindowsException'{0x00000000886e87e8}> (0x00000000886e87e8) thrown at [./src/hotspot/share/prims/jni.cpp, line 615]
Event: 815.983 Thread 0x000001fb5c01e000 Exception <a 'sun/nio/fs/WindowsException'{0x00000000883b2ab8}> (0x00000000883b2ab8) thrown at [./src/hotspot/share/prims/jni.cpp, line 615]
Event: 816.002 Thread 0x000001fb59343800 Exception <a 'sun/nio/fs/WindowsException'{0x0000000087cf35b0}> (0x0000000087cf35b0) thrown at [./src/hotspot/share/prims/jni.cpp, line 615]
Event: 816.159 Thread 0x000001fb5c01e000 Exception <a 'java/lang/IncompatibleClassChangeError'{0x000000008a156f88}: Found class java.lang.Object, but interface was expected> (0x000000008a156f88) thrown at [./src/hotspot/share/interpreter/linkResolver.cpp, line 839]
Event: 816.292 Thread 0x000001fb56b4c800 Exception <a 'sun/nio/fs/WindowsException'{0x000000008877e6b0}> (0x000000008877e6b0) thrown at [./src/hotspot/share/prims/jni.cpp, line 615]
Event: 817.054 Thread 0x000001fb59684800 Exception <a 'sun/nio/fs/WindowsException'{0x000000008a63bc00}> (0x000000008a63bc00) thrown at [./src/hotspot/share/prims/jni.cpp, line 615]

Events (20 events):
Event: 817.627 loading class com/android/tools/r8/internal/Ps done
Event: 817.627 loading class com/android/tools/r8/internal/QG
Event: 817.627 loading class com/android/tools/r8/internal/QG done
Event: 817.627 loading class com/android/tools/r8/internal/QG
Event: 817.627 loading class com/android/tools/r8/internal/QG done
Event: 817.628 loading class com/android/tools/r8/internal/QG
Event: 817.628 loading class com/android/tools/r8/internal/QG done
Event: 817.628 loading class com/android/tools/r8/internal/QG
Event: 817.628 loading class com/android/tools/r8/internal/QG done
Event: 817.629 loading class com/android/tools/r8/internal/Sl
Event: 817.629 loading class com/android/tools/r8/internal/Sl done
Event: 817.630 loading class com/android/tools/r8/internal/QG
Event: 817.630 loading class com/android/tools/r8/internal/QG done
Event: 817.630 loading class com/android/tools/r8/internal/cm
Event: 817.630 loading class com/android/tools/r8/internal/cm done
Event: 817.737 loading class com/android/tools/r8/internal/T6
Event: 817.737 loading class com/android/tools/r8/internal/T6 done
Event: 817.793 Executing VM operation: G1CollectForAllocation
Event: 817.812 Executing VM operation: G1CollectForAllocation done
Event: 818.084 Executing VM operation: G1CollectForAllocation


Dynamic libraries:
0x00007ff684570000 - 0x00007ff68457a000 	C:\Program Files\Android\Android Studio\jre\bin\java.exe
0x00007fffc89d0000 - 0x00007fffc8bc5000 	C:\Windows\SYSTEM32\ntdll.dll
0x00007fffc7170000 - 0x00007fffc722d000 	C:\Windows\System32\KERNEL32.DLL
0x00007fffc62e0000 - 0x00007fffc65ad000 	C:\Windows\System32\KERNELBASE.dll
0x00007fffc3960000 - 0x00007fffc39f0000 	C:\Windows\SYSTEM32\apphelp.dll
0x00007fffc6660000 - 0x00007fffc6760000 	C:\Windows\System32\ucrtbase.dll
0x00007fff9c480000 - 0x00007fff9c497000 	C:\Program Files\Android\Android Studio\jre\bin\VCRUNTIME140.dll
0x00007fff9af00000 - 0x00007fff9af19000 	C:\Program Files\Android\Android Studio\jre\bin\jli.dll
0x00007fffc8670000 - 0x00007fffc8810000 	C:\Windows\System32\USER32.dll
0x00007fffad460000 - 0x00007fffad6fa000 	C:\Windows\WinSxS\amd64_microsoft.windows.common-controls_6595b64144ccf1df_6.0.19041.1110_none_60b5254171f9507e\COMCTL32.dll
0x00007fffc6240000 - 0x00007fffc6262000 	C:\Windows\System32\win32u.dll
0x00007fffc7390000 - 0x00007fffc73ba000 	C:\Windows\System32\GDI32.dll
0x00007fffc6f40000 - 0x00007fffc6fde000 	C:\Windows\System32\msvcrt.dll
0x00007fffc6820000 - 0x00007fffc692b000 	C:\Windows\System32\gdi32full.dll
0x00007fffc6980000 - 0x00007fffc6a1d000 	C:\Windows\System32\msvcp_win.dll
0x00007fffc8900000 - 0x00007fffc8930000 	C:\Windows\System32\IMM32.DLL
0x00007fff6f990000 - 0x00007fff6fa2d000 	C:\Program Files\Android\Android Studio\jre\bin\msvcp140.dll
0x00007fff53880000 - 0x00007fff54365000 	C:\Program Files\Android\Android Studio\jre\bin\server\jvm.dll
0x00007fffc7240000 - 0x00007fffc72ee000 	C:\Windows\System32\ADVAPI32.dll
0x00007fffc72f0000 - 0x00007fffc738c000 	C:\Windows\System32\sechost.dll
0x00007fffc6fe0000 - 0x00007fffc7105000 	C:\Windows\System32\RPCRT4.dll
0x00007fffc7230000 - 0x00007fffc7238000 	C:\Windows\System32\PSAPI.DLL
0x00007fff9ef90000 - 0x00007fff9ef99000 	C:\Windows\SYSTEM32\WSOCK32.dll
0x00007fffa4a60000 - 0x00007fffa4a87000 	C:\Windows\SYSTEM32\WINMM.dll
0x00007fffc7750000 - 0x00007fffc77bb000 	C:\Windows\System32\WS2_32.dll
0x00007fffbf550000 - 0x00007fffbf55a000 	C:\Windows\SYSTEM32\VERSION.dll
0x00007fffc3fe0000 - 0x00007fffc3ff2000 	C:\Windows\SYSTEM32\kernel.appcore.dll
0x00007fff98980000 - 0x00007fff98991000 	C:\Program Files\Android\Android Studio\jre\bin\verify.dll
0x00007fffbf230000 - 0x00007fffbf414000 	C:\Windows\SYSTEM32\DBGHELP.DLL
0x00007fffa1130000 - 0x00007fffa115c000 	C:\Windows\SYSTEM32\dbgcore.DLL
0x00007fffc6760000 - 0x00007fffc67e2000 	C:\Windows\System32\bcryptPrimitives.dll
0x00007fff820e0000 - 0x00007fff82109000 	C:\Program Files\Android\Android Studio\jre\bin\java.dll
0x00007fffa4310000 - 0x00007fffa431b000 	C:\Program Files\Android\Android Studio\jre\bin\jimage.dll
0x00007fff94d60000 - 0x00007fff94d78000 	C:\Program Files\Android\Android Studio\jre\bin\zip.dll
0x00007fffc77c0000 - 0x00007fffc7f04000 	C:\Windows\System32\SHELL32.dll
0x00007fffc41e0000 - 0x00007fffc4974000 	C:\Windows\SYSTEM32\windows.storage.dll
0x00007fffc6b80000 - 0x00007fffc6ed4000 	C:\Windows\System32\combase.dll
0x00007fffc5b40000 - 0x00007fffc5b6c000 	C:\Windows\SYSTEM32\Wldp.dll
0x00007fffc73c0000 - 0x00007fffc746d000 	C:\Windows\System32\SHCORE.dll
0x00007fffc7f10000 - 0x00007fffc7f65000 	C:\Windows\System32\shlwapi.dll
0x00007fffc6020000 - 0x00007fffc603f000 	C:\Windows\SYSTEM32\profapi.dll
0x00007fffa13c0000 - 0x00007fffa13da000 	C:\Program Files\Android\Android Studio\jre\bin\net.dll
0x00007fffb0400000 - 0x00007fffb050a000 	C:\Windows\SYSTEM32\WINHTTP.dll
0x00007fffc58a0000 - 0x00007fffc590a000 	C:\Windows\system32\mswsock.dll
0x00007fff9e710000 - 0x00007fff9e724000 	C:\Program Files\Android\Android Studio\jre\bin\nio.dll
0x00007fffa5f10000 - 0x00007fffa5f37000 	C:\Users\melih\.gradle\native\e1d6ef7f7dcc3fd88c89a11ec53ec762bb8ba0a96d01ffa2cd45eb1d1d8dd5c5\windows-amd64\native-platform.dll
0x00007fff6c1b0000 - 0x00007fff6c2f4000 	C:\Users\melih\.gradle\native\5664cfc778a61ccfe75a443a1ab52a65af34e5dc3c78e0209fed803814484fcb\windows-amd64\native-platform-file-events.dll
0x00007fffa7830000 - 0x00007fffa783a000 	C:\Program Files\Android\Android Studio\jre\bin\management.dll
0x00007fffa3470000 - 0x00007fffa347d000 	C:\Program Files\Android\Android Studio\jre\bin\management_ext.dll
0x00007fffc5a90000 - 0x00007fffc5aa8000 	C:\Windows\SYSTEM32\CRYPTSP.dll
0x00007fffc51b0000 - 0x00007fffc51e4000 	C:\Windows\system32\rsaenh.dll
0x00007fffc67f0000 - 0x00007fffc6817000 	C:\Windows\System32\bcrypt.dll
0x00007fffc5fa0000 - 0x00007fffc5fce000 	C:\Windows\SYSTEM32\USERENV.dll
0x00007fffc5ab0000 - 0x00007fffc5abc000 	C:\Windows\SYSTEM32\CRYPTBASE.dll
0x00007fffc5540000 - 0x00007fffc557b000 	C:\Windows\SYSTEM32\IPHLPAPI.DLL
0x00007fffc8810000 - 0x00007fffc8818000 	C:\Windows\System32\NSI.dll
0x00007fffbd3e0000 - 0x00007fffbd3f7000 	C:\Windows\SYSTEM32\dhcpcsvc6.DLL
0x00007fffbe6c0000 - 0x00007fffbe6dd000 	C:\Windows\SYSTEM32\dhcpcsvc.DLL
0x00007fffc5580000 - 0x00007fffc564b000 	C:\Windows\SYSTEM32\DNSAPI.dll
0x00007fff808f0000 - 0x00007fff80917000 	C:\Program Files\Android\Android Studio\jre\bin\sunec.dll

dbghelp: loaded successfully - version: 4.0.5 - missing functions: none
symbol engine: initialized successfully - sym options: 0x614 - pdb path: .;C:\Program Files\Android\Android Studio\jre\bin;C:\Windows\SYSTEM32;C:\Windows\WinSxS\amd64_microsoft.windows.common-controls_6595b64144ccf1df_6.0.19041.1110_none_60b5254171f9507e;C:\Program Files\Android\Android Studio\jre\bin\server;C:\Users\melih\.gradle\native\e1d6ef7f7dcc3fd88c89a11ec53ec762bb8ba0a96d01ffa2cd45eb1d1d8dd5c5\windows-amd64;C:\Users\melih\.gradle\native\5664cfc778a61ccfe75a443a1ab52a65af34e5dc3c78e0209fed803814484fcb\windows-amd64

VM Arguments:
jvm_args: --add-opens=java.base/java.util=ALL-UNNAMED --add-opens=java.base/java.lang=ALL-UNNAMED --add-opens=java.base/java.lang.invoke=ALL-UNNAMED --add-opens=java.base/java.util=ALL-UNNAMED --add-opens=java.prefs/java.util.prefs=ALL-UNNAMED --add-opens=java.prefs/java.util.prefs=ALL-UNNAMED --add-opens=java.base/java.nio.charset=ALL-UNNAMED --add-opens=java.base/java.net=ALL-UNNAMED --add-opens=java.base/java.util.concurrent.atomic=ALL-UNNAMED -Xmx2048m -Dfile.encoding=UTF-8 -Duser.country=US -Duser.language=en -Duser.variant 
java_command: org.gradle.launcher.daemon.bootstrap.GradleDaemon 7.3.3
java_class_path (initial): C:\Users\melih\.gradle\wrapper\dists\gradle-7.3.3-bin\6a41zxkdtcxs8rphpq6y0069z\gradle-7.3.3\lib\gradle-launcher-7.3.3.jar
Launcher Type: SUN_STANDARD

[Global flags]
     intx CICompilerCount                          = 4                                         {product} {ergonomic}
     uint ConcGCThreads                            = 2                                         {product} {ergonomic}
     uint G1ConcRefinementThreads                  = 8                                         {product} {ergonomic}
   size_t G1HeapRegionSize                         = 1048576                                   {product} {ergonomic}
    uintx GCDrainStackTargetSize                   = 64                                        {product} {ergonomic}
   size_t InitialHeapSize                          = 132120576                                 {product} {ergonomic}
   size_t MarkStackSize                            = 4194304                                   {product} {ergonomic}
   size_t MaxHeapSize                              = 2147483648                                {product} {command line}
   size_t MaxNewSize                               = 1287651328                                {product} {ergonomic}
   size_t MinHeapDeltaBytes                        = 1048576                                   {product} {ergonomic}
    uintx NonNMethodCodeHeapSize                   = 5836300                                {pd product} {ergonomic}
    uintx NonProfiledCodeHeapSize                  = 122910970                              {pd product} {ergonomic}
    uintx ProfiledCodeHeapSize                     = 122910970                              {pd product} {ergonomic}
    uintx ReservedCodeCacheSize                    = 251658240                              {pd product} {ergonomic}
     bool SegmentedCodeCache                       = true                                      {product} {ergonomic}
     bool UseCompressedClassPointers               = true                                 {lp64_product} {ergonomic}
     bool UseCompressedOops                        = true                                 {lp64_product} {ergonomic}
     bool UseG1GC                                  = true                                      {product} {ergonomic}
     bool UseLargePagesIndividualAllocation        = false                                  {pd product} {ergonomic}

Logging:
Log output configuration:
 #0: stdout all=warning uptime,level,tags
 #1: stderr all=off uptime,level,tags

Environment Variables:
JAVA_HOME=C:\Program Files\Java\jdk-17.0.2
PATH=C:\Program Files\Common Files\Oracle\Java\javapath;C:\Program Files (x86)\Common Files\Oracle\Java\javapath;C:\Program Files (x86)\VMware\VMware Player\bin\;C:\Windows\system32;C:\Windows;C:\Windows\System32\Wbem;C:\Windows\System32\WindowsPowerShell\v1.0\;C:\Windows\System32\OpenSSH\;C:\Program Files\nodejs\;C:\Program Files (x86)\NVIDIA Corporation\PhysX\Common;C:\Program Files (x86)\Intel\Intel(R) Management Engine Components\DAL;C:\Program Files\Intel\Intel(R) Management Engine Components\DAL;C:\Program Files\CMake\bin;C:\Users\melih\AppData\Local\Programs\Python\Python310\Scripts\;C:\Users\melih\AppData\Local\Programs\Python\Python310\;C:\Users\melih\AppData\Local\Microsoft\WindowsApps;C:\Users\melih\AppData\Local\Programs\Microsoft VS Code\bin;C:\Users\melih\AppData\Roaming\npm;C:\Program Files\heroku\bin;C:\Program Files (x86)\Nmap;C:\Cmder\vendor\git-for-windows\bin;C:\msys64\mingw64\bin;C:\Program Files\apache-maven-3.8.5\bin;
USERNAME=melih
OS=Windows_NT
PROCESSOR_IDENTIFIER=Intel64 Family 6 Model 142 Stepping 11, GenuineIntel



---------------  S Y S T E M  ---------------

OS: Windows 10 , 64 bit Build 19041 (10.0.19041.1706)
OS uptime: 1 days 9:22 hours

CPU:total 8 (initial active 8) (4 cores per cpu, 2 threads per core) family 6 model 142 stepping 11 microcode 0xf0, cmov, cx8, fxsr, mmx, sse, sse2, sse3, ssse3, sse4.1, sse4.2, popcnt, avx, avx2, aes, clmul, erms, 3dnowpref, lzcnt, ht, tsc, tscinvbit, bmi1, bmi2, adx, fma

Memory: 4k page, system-wide physical 8062M (496M free)
TotalPageFile size 32637M (AvailPageFile size 94M)
current process WorkingSet (physical memory assigned to process): 582M, peak: 582M
current process commit charge ("private bytes"): 720M, peak: 988M

vm_info: OpenJDK 64-Bit Server VM (11.0.12+7-b1504.28-7817840) for windows-amd64 JRE (11.0.12+7-b1504.28-7817840), built on Oct 13 2021 22:12:33 by "builder" with MS VC++ 14.0 (VS2015)

END.
